TN:
SF:src/index.ts
FN:35,(anonymous_0)
FN:61,(anonymous_1)
FN:120,(anonymous_2)
FN:122,(anonymous_3)
FN:127,(anonymous_4)
FN:136,(anonymous_5)
FN:185,(anonymous_6)
FN:193,(anonymous_7)
FN:209,(anonymous_8)
FN:227,(anonymous_9)
FN:239,(anonymous_10)
FN:280,(anonymous_11)
FN:309,(anonymous_12)
FN:326,(anonymous_13)
FN:369,(anonymous_14)
FN:393,(anonymous_15)
FN:412,(anonymous_16)
FN:420,main
FN:427,(anonymous_18)
FN:433,(anonymous_19)
FN:440,(anonymous_20)
FN:445,(anonymous_21)
FN:456,(anonymous_22)
FNF:23
FNH:0
FNDA:0,(anonymous_0)
FNDA:0,(anonymous_1)
FNDA:0,(anonymous_2)
FNDA:0,(anonymous_3)
FNDA:0,(anonymous_4)
FNDA:0,(anonymous_5)
FNDA:0,(anonymous_6)
FNDA:0,(anonymous_7)
FNDA:0,(anonymous_8)
FNDA:0,(anonymous_9)
FNDA:0,(anonymous_10)
FNDA:0,(anonymous_11)
FNDA:0,(anonymous_12)
FNDA:0,(anonymous_13)
FNDA:0,(anonymous_14)
FNDA:0,(anonymous_15)
FNDA:0,(anonymous_16)
FNDA:0,main
FNDA:0,(anonymous_18)
FNDA:0,(anonymous_19)
FNDA:0,(anonymous_20)
FNDA:0,(anonymous_21)
FNDA:0,(anonymous_22)
DA:8,0
DA:9,0
DA:10,0
DA:13,0
DA:14,0
DA:15,0
DA:16,0
DA:17,0
DA:30,0
DA:33,0
DA:37,0
DA:45,0
DA:51,0
DA:52,0
DA:55,0
DA:62,0
DA:63,0
DA:66,0
DA:68,0
DA:69,0
DA:70,0
DA:73,0
DA:74,0
DA:80,0
DA:81,0
DA:82,0
DA:83,0
DA:87,0
DA:97,0
DA:102,0
DA:106,0
DA:108,0
DA:109,0
DA:112,0
DA:113,0
DA:122,0
DA:123,0
DA:124,0
DA:126,0
DA:127,0
DA:136,0
DA:137,0
DA:139,0
DA:144,0
DA:146,0
DA:149,0
DA:151,0
DA:152,0
DA:153,0
DA:158,0
DA:162,0
DA:171,0
DA:172,0
DA:174,0
DA:185,0
DA:186,0
DA:195,0
DA:210,0
DA:213,0
DA:216,0
DA:217,0
DA:220,0
DA:221,0
DA:229,0
DA:239,0
DA:240,0
DA:241,0
DA:258,0
DA:270,0
DA:280,0
DA:281,0
DA:284,0
DA:294,0
DA:310,0
DA:311,0
DA:312,0
DA:316,0
DA:326,0
DA:327,0
DA:328,0
DA:329,0
DA:330,0
DA:334,0
DA:336,0
DA:350,0
DA:370,0
DA:372,0
DA:375,0
DA:377,0
DA:380,0
DA:382,0
DA:385,0
DA:386,0
DA:394,0
DA:395,0
DA:398,0
DA:399,0
DA:402,0
DA:405,0
DA:413,0
DA:421,0
DA:425,0
DA:427,0
DA:428,0
DA:429,0
DA:430,0
DA:433,0
DA:434,0
DA:435,0
DA:436,0
DA:440,0
DA:441,0
DA:442,0
DA:445,0
DA:446,0
DA:447,0
DA:451,0
DA:455,0
DA:456,0
DA:457,0
DA:458,0
DA:462,0
DA:463,0
LF:123
LH:0
BRDA:62,0,0,0
BRDA:69,1,0,0
BRDA:80,2,0,0
BRDA:80,2,1,0
BRDA:82,3,0,0
BRDA:149,4,0,0
BRDA:149,4,1,0
BRDA:151,5,0,0
BRDA:151,5,1,0
BRDA:151,6,0,0
BRDA:151,6,1,0
BRDA:165,7,0,0
BRDA:165,7,1,0
BRDA:171,8,0,0
BRDA:171,8,1,0
BRDA:216,9,0,0
BRDA:310,10,0,0
BRDA:329,11,0,0
BRDA:344,12,0,0
BRDA:344,12,1,0
BRDA:354,13,0,0
BRDA:354,13,1,0
BRDA:398,14,0,0
BRDA:455,15,0,0
BRF:24
BRH:0
end_of_record
TN:
SF:src/api/client.ts
FN:8,(anonymous_1)
FN:21,(anonymous_2)
FN:23,(anonymous_3)
FN:32,(anonymous_4)
FN:33,(anonymous_5)
FN:49,(anonymous_6)
FN:58,(anonymous_7)
FN:67,(anonymous_8)
FN:76,(anonymous_9)
FNF:9
FNH:0
FNDA:0,(anonymous_1)
FNDA:0,(anonymous_2)
FNDA:0,(anonymous_3)
FNDA:0,(anonymous_4)
FNDA:0,(anonymous_5)
FNDA:0,(anonymous_6)
FNDA:0,(anonymous_7)
FNDA:0,(anonymous_8)
FNDA:0,(anonymous_9)
DA:1,0
DA:4,0
DA:9,0
DA:17,0
DA:18,0
DA:23,0
DA:24,0
DA:25,0
DA:27,0
DA:31,0
DA:32,0
DA:34,0
DA:36,0
DA:37,0
DA:38,0
DA:40,0
DA:43,0
DA:50,0
DA:51,0
DA:52,0
DA:54,0
DA:59,0
DA:60,0
DA:61,0
DA:63,0
DA:68,0
DA:69,0
DA:70,0
DA:72,0
DA:77,0
DA:78,0
DA:79,0
DA:81,0
LF:33
LH:0
BRDA:24,0,0,0
BRDA:34,1,0,0
BRDA:34,1,1,0
BRDA:37,2,0,0
BRDA:37,2,1,0
BRDA:37,2,2,0
BRDA:38,3,0,0
BRDA:38,3,1,0
BRDA:54,4,0,0
BRDA:54,4,1,0
BRDA:63,5,0,0
BRDA:63,5,1,0
BRDA:72,6,0,0
BRDA:72,6,1,0
BRDA:81,7,0,0
BRDA:81,7,1,0
BRF:16
BRH:0
end_of_record
TN:
SF:src/api/endpoints.ts
FN:139,buildDomainEndpoint
FN:154,buildMailboxEndpoint
FN:169,buildAliasEndpoint
FN:193,buildUserEndpoint
FN:215,buildDKIMEndpoint
FN:236,buildQuarantineEndpoint
FN:249,buildTLSPolicyEndpoint
FN:270,buildOAuth2Endpoint
FN:291,buildAppPasswdEndpoint
FN:306,buildRspamdEndpoint
FN:319,buildBackupEndpoint
FN:334,buildSyncJobEndpoint
FN:358,buildQueueEndpoint
FN:385,buildLogEndpoint
FN:394,buildResourceEndpoint
FNF:15
FNH:0
FNDA:0,buildDomainEndpoint
FNDA:0,buildMailboxEndpoint
FNDA:0,buildAliasEndpoint
FNDA:0,buildUserEndpoint
FNDA:0,buildDKIMEndpoint
FNDA:0,buildQuarantineEndpoint
FNDA:0,buildTLSPolicyEndpoint
FNDA:0,buildOAuth2Endpoint
FNDA:0,buildAppPasswdEndpoint
FNDA:0,buildRspamdEndpoint
FNDA:0,buildBackupEndpoint
FNDA:0,buildSyncJobEndpoint
FNDA:0,buildQueueEndpoint
FNDA:0,buildLogEndpoint
FNDA:0,buildResourceEndpoint
DA:6,0
DA:9,0
DA:139,0
DA:140,0
DA:142,0
DA:144,0
DA:146,0
DA:148,0
DA:150,0
DA:154,0
DA:155,0
DA:157,0
DA:159,0
DA:161,0
DA:163,0
DA:165,0
DA:169,0
DA:177,0
DA:179,0
DA:181,0
DA:183,0
DA:185,0
DA:187,0
DA:189,0
DA:193,0
DA:201,0
DA:203,0
DA:205,0
DA:207,0
DA:209,0
DA:211,0
DA:215,0
DA:222,0
DA:224,0
DA:226,0
DA:228,0
DA:230,0
DA:232,0
DA:236,0
DA:239,0
DA:241,0
DA:243,0
DA:245,0
DA:249,0
DA:256,0
DA:258,0
DA:260,0
DA:262,0
DA:264,0
DA:266,0
DA:270,0
DA:277,0
DA:279,0
DA:281,0
DA:283,0
DA:285,0
DA:287,0
DA:291,0
DA:294,0
DA:296,0
DA:298,0
DA:300,0
DA:302,0
DA:306,0
DA:309,0
DA:311,0
DA:313,0
DA:315,0
DA:319,0
DA:322,0
DA:324,0
DA:326,0
DA:328,0
DA:330,0
DA:334,0
DA:342,0
DA:344,0
DA:346,0
DA:348,0
DA:350,0
DA:352,0
DA:354,0
DA:358,0
DA:367,0
DA:369,0
DA:371,0
DA:373,0
DA:375,0
DA:377,0
DA:379,0
DA:381,0
DA:385,0
DA:386,0
DA:388,0
DA:390,0
DA:394,0
DA:397,0
DA:399,0
DA:401,0
DA:403,0
LF:100
LH:0
BRDA:140,0,0,0
BRDA:140,0,1,0
BRDA:140,0,2,0
BRDA:140,0,3,0
BRDA:140,0,4,0
BRDA:155,1,0,0
BRDA:155,1,1,0
BRDA:155,1,2,0
BRDA:155,1,3,0
BRDA:155,1,4,0
BRDA:177,2,0,0
BRDA:177,2,1,0
BRDA:177,2,2,0
BRDA:177,2,3,0
BRDA:177,2,4,0
BRDA:177,2,5,0
BRDA:201,3,0,0
BRDA:201,3,1,0
BRDA:201,3,2,0
BRDA:201,3,3,0
BRDA:201,3,4,0
BRDA:222,4,0,0
BRDA:222,4,1,0
BRDA:222,4,2,0
BRDA:222,4,3,0
BRDA:222,4,4,0
BRDA:239,5,0,0
BRDA:239,5,1,0
BRDA:239,5,2,0
BRDA:256,6,0,0
BRDA:256,6,1,0
BRDA:256,6,2,0
BRDA:256,6,3,0
BRDA:256,6,4,0
BRDA:277,7,0,0
BRDA:277,7,1,0
BRDA:277,7,2,0
BRDA:277,7,3,0
BRDA:277,7,4,0
BRDA:294,8,0,0
BRDA:294,8,1,0
BRDA:294,8,2,0
BRDA:294,8,3,0
BRDA:309,9,0,0
BRDA:309,9,1,0
BRDA:309,9,2,0
BRDA:322,10,0,0
BRDA:322,10,1,0
BRDA:322,10,2,0
BRDA:322,10,3,0
BRDA:342,11,0,0
BRDA:342,11,1,0
BRDA:342,11,2,0
BRDA:342,11,3,0
BRDA:342,11,4,0
BRDA:342,11,5,0
BRDA:367,12,0,0
BRDA:367,12,1,0
BRDA:367,12,2,0
BRDA:367,12,3,0
BRDA:367,12,4,0
BRDA:367,12,5,0
BRDA:367,12,6,0
BRDA:386,13,0,0
BRDA:386,13,1,0
BRDA:397,14,0,0
BRDA:397,14,1,0
BRDA:397,14,2,0
BRF:68
BRH:0
end_of_record
TN:
SF:src/api/errors.ts
FN:4,(anonymous_0)
FN:13,(anonymous_1)
FN:20,(anonymous_2)
FN:27,(anonymous_3)
FN:34,(anonymous_4)
FN:41,(anonymous_5)
FN:48,(anonymous_6)
FN:54,handleAPIError
FNF:8
FNH:0
FNDA:0,(anonymous_0)
FNDA:0,(anonymous_1)
FNDA:0,(anonymous_2)
FNDA:0,(anonymous_3)
FNDA:0,(anonymous_4)
FNDA:0,(anonymous_5)
FNDA:0,(anonymous_6)
FNDA:0,handleAPIError
DA:1,0
DA:5,0
DA:6,0
DA:7,0
DA:8,0
DA:12,0
DA:14,0
DA:15,0
DA:19,0
DA:21,0
DA:22,0
DA:26,0
DA:28,0
DA:29,0
DA:33,0
DA:35,0
DA:36,0
DA:40,0
DA:42,0
DA:43,0
DA:47,0
DA:49,0
DA:50,0
DA:54,0
DA:55,0
DA:56,0
DA:59,0
DA:61,0
DA:62,0
DA:63,0
DA:64,0
DA:66,0
DA:68,0
DA:70,0
DA:72,0
DA:74,0
DA:79,0
DA:81,0
DA:86,0
DA:87,0
DA:91,0
DA:95,0
LF:42
LH:0
BRDA:48,0,0,0
BRDA:55,1,0,0
BRDA:59,2,0,0
BRDA:61,3,0,0
BRDA:61,4,0,0
BRDA:61,4,1,0
BRDA:64,5,0,0
BRDA:64,5,1,0
BRDA:64,5,2,0
BRDA:66,6,0,0
BRDA:66,6,1,0
BRDA:66,6,2,0
BRDA:66,6,3,0
BRDA:66,6,4,0
BRDA:66,6,5,0
BRDA:66,6,6,0
BRDA:66,6,7,0
BRDA:66,6,8,0
BRDA:86,7,0,0
BRDA:86,8,0,0
BRDA:86,8,1,0
BRDA:86,8,2,0
BRDA:86,8,3,0
BRF:23
BRH:0
end_of_record
TN:
SF:src/api/index.ts
FNF:0
FNH:0
DA:1,0
DA:2,0
DA:3,0
DA:4,0
DA:5,0
DA:6,0
DA:7,0
DA:8,0
DA:9,0
DA:10,0
DA:11,0
DA:12,0
DA:13,0
DA:14,0
DA:15,0
DA:16,0
DA:17,0
DA:18,0
DA:19,0
LF:19
LH:0
BRF:0
BRH:0
end_of_record
TN:
SF:src/api/aliases/index.ts
FN:12,(anonymous_0)
FN:14,(anonymous_1)
FN:20,(anonymous_2)
FN:27,(anonymous_3)
FN:38,(anonymous_4)
FN:44,(anonymous_5)
FN:48,(anonymous_6)
FN:55,(anonymous_7)
FN:59,(anonymous_8)
FNF:9
FNH:0
FNDA:0,(anonymous_0)
FNDA:0,(anonymous_1)
FNDA:0,(anonymous_2)
FNDA:0,(anonymous_3)
FNDA:0,(anonymous_4)
FNDA:0,(anonymous_5)
FNDA:0,(anonymous_6)
FNDA:0,(anonymous_7)
FNDA:0,(anonymous_8)
DA:2,0
DA:9,0
DA:11,0
DA:12,0
DA:15,0
DA:21,0
DA:31,0
DA:32,0
DA:39,0
DA:45,0
DA:48,0
DA:49,0
DA:50,0
DA:52,0
DA:56,0
DA:59,0
LF:16
LH:0
BRDA:49,0,0,0
BRF:1
BRH:0
end_of_record
TN:
SF:src/api/app-passwords/index.ts
FN:20,(anonymous_0)
FN:25,(anonymous_1)
FN:38,(anonymous_2)
FN:45,(anonymous_3)
FN:52,(anonymous_4)
FN:54,(anonymous_5)
FN:60,(anonymous_6)
FN:70,(anonymous_7)
FN:79,(anonymous_8)
FN:92,(anonymous_9)
FN:103,(anonymous_10)
FN:117,(anonymous_11)
FN:124,(anonymous_12)
FN:131,(anonymous_13)
FN:138,(anonymous_14)
FN:147,(anonymous_15)
FN:154,(anonymous_16)
FN:165,(anonymous_17)
FN:177,(anonymous_18)
FN:184,(anonymous_19)
FN:185,(anonymous_20)
FN:194,(anonymous_21)
FN:206,(anonymous_22)
FN:220,(anonymous_23)
FNF:24
FNH:0
FNDA:0,(anonymous_0)
FNDA:0,(anonymous_1)
FNDA:0,(anonymous_2)
FNDA:0,(anonymous_3)
FNDA:0,(anonymous_4)
FNDA:0,(anonymous_5)
FNDA:0,(anonymous_6)
FNDA:0,(anonymous_7)
FNDA:0,(anonymous_8)
FNDA:0,(anonymous_9)
FNDA:0,(anonymous_10)
FNDA:0,(anonymous_11)
FNDA:0,(anonymous_12)
FNDA:0,(anonymous_13)
FNDA:0,(anonymous_14)
FNDA:0,(anonymous_15)
FNDA:0,(anonymous_16)
FNDA:0,(anonymous_17)
FNDA:0,(anonymous_18)
FNDA:0,(anonymous_19)
FNDA:0,(anonymous_20)
FNDA:0,(anonymous_21)
FNDA:0,(anonymous_22)
FNDA:0,(anonymous_23)
DA:13,0
DA:14,0
DA:19,0
DA:20,0
DA:28,0
DA:32,0
DA:39,0
DA:46,0
DA:53,0
DA:54,0
DA:64,0
DA:68,0
DA:71,0
DA:82,0
DA:86,0
DA:93,0
DA:97,0
DA:107,0
DA:108,0
DA:109,0
DA:111,0
DA:118,0
DA:125,0
DA:132,0
DA:141,0
DA:150,0
DA:151,0
DA:152,0
DA:154,0
DA:155,0
DA:156,0
DA:158,0
DA:172,0
DA:174,0
DA:175,0
DA:177,0
DA:178,0
DA:179,0
DA:182,0
DA:184,0
DA:185,0
DA:195,0
DA:210,0
DA:211,0
DA:212,0
DA:214,0
DA:221,0
DA:222,0
DA:223,0
DA:224,0
LF:50
LH:0
BRDA:54,0,0,0
BRDA:54,0,1,0
BRDA:69,1,0,0
BRDA:69,1,1,0
BRDA:71,2,0,0
BRDA:71,2,1,0
BRDA:108,3,0,0
BRDA:148,4,0,0
BRDA:155,5,0,0
BRDA:178,6,0,0
BRDA:178,6,1,0
BRDA:179,7,0,0
BRDA:179,7,1,0
BRDA:196,8,0,0
BRDA:196,8,1,0
BRDA:196,8,2,0
BRDA:196,8,3,0
BRDA:208,9,0,0
BRDA:210,10,0,0
BRDA:210,10,1,0
BRF:20
BRH:0
end_of_record
TN:
SF:src/api/dkim/index.ts
FN:21,(anonymous_0)
FN:26,(anonymous_1)
FN:37,(anonymous_2)
FN:43,(anonymous_3)
FN:51,(anonymous_4)
FN:58,(anonymous_5)
FN:69,(anonymous_6)
FN:84,(anonymous_7)
FN:95,(anonymous_8)
FN:105,(anonymous_9)
FN:115,(anonymous_10)
FN:126,(anonymous_11)
FN:137,(anonymous_12)
FN:144,(anonymous_13)
FN:151,(anonymous_14)
FN:160,(anonymous_15)
FN:167,(anonymous_16)
FN:174,(anonymous_17)
FN:185,(anonymous_18)
FNF:19
FNH:0
FNDA:0,(anonymous_0)
FNDA:0,(anonymous_1)
FNDA:0,(anonymous_2)
FNDA:0,(anonymous_3)
FNDA:0,(anonymous_4)
FNDA:0,(anonymous_5)
FNDA:0,(anonymous_6)
FNDA:0,(anonymous_7)
FNDA:0,(anonymous_8)
FNDA:0,(anonymous_9)
FNDA:0,(anonymous_10)
FNDA:0,(anonymous_11)
FNDA:0,(anonymous_12)
FNDA:0,(anonymous_13)
FNDA:0,(anonymous_14)
FNDA:0,(anonymous_15)
FNDA:0,(anonymous_16)
FNDA:0,(anonymous_17)
FNDA:0,(anonymous_18)
DA:14,0
DA:15,0
DA:20,0
DA:21,0
DA:27,0
DA:31,0
DA:41,0
DA:42,0
DA:43,0
DA:52,0
DA:59,0
DA:63,0
DA:74,0
DA:78,0
DA:85,0
DA:89,0
DA:99,0
DA:109,0
DA:120,0
DA:131,0
DA:138,0
DA:145,0
DA:154,0
DA:161,0
DA:168,0
DA:175,0
DA:176,0
DA:177,0
DA:179,0
DA:186,0
LF:30
LH:0
BRDA:43,0,0,0
BRDA:43,0,1,0
BRDA:43,1,0,0
BRDA:43,1,1,0
BRDA:187,2,0,0
BRDA:187,2,1,0
BRDA:187,2,2,0
BRDA:187,2,3,0
BRDA:187,2,4,0
BRDA:187,2,5,0
BRF:10
BRH:0
end_of_record
TN:
SF:src/api/domains/index.ts
FN:12,(anonymous_0)
FN:14,(anonymous_1)
FN:21,(anonymous_2)
FN:28,(anonymous_3)
FN:36,(anonymous_4)
FN:42,(anonymous_5)
FN:46,(anonymous_6)
FNF:7
FNH:0
FNDA:0,(anonymous_0)
FNDA:0,(anonymous_1)
FNDA:0,(anonymous_2)
FNDA:0,(anonymous_3)
FNDA:0,(anonymous_4)
FNDA:0,(anonymous_5)
FNDA:0,(anonymous_6)
DA:2,0
DA:9,0
DA:11,0
DA:12,0
DA:15,0
DA:22,0
DA:29,0
DA:30,0
DA:37,0
DA:43,0
DA:46,0
DA:47,0
DA:48,0
DA:50,0
LF:14
LH:0
BRDA:47,0,0,0
BRF:1
BRH:0
end_of_record
TN:
SF:src/api/logs/index.ts
FN:6,(anonymous_0)
FN:8,(anonymous_1)
FN:15,(anonymous_2)
FN:23,(anonymous_3)
FN:31,(anonymous_4)
FNF:5
FNH:0
FNDA:0,(anonymous_0)
FNDA:0,(anonymous_1)
FNDA:0,(anonymous_2)
FNDA:0,(anonymous_3)
FNDA:0,(anonymous_4)
DA:2,0
DA:3,0
DA:5,0
DA:6,0
DA:9,0
DA:16,0
DA:17,0
DA:24,0
DA:25,0
DA:32,0
DA:33,0
LF:11
LH:0
BRF:0
BRH:0
end_of_record
TN:
SF:src/api/mailboxes/index.ts
FN:12,(anonymous_0)
FN:14,(anonymous_1)
FN:21,(anonymous_2)
FN:28,(anonymous_3)
FN:36,(anonymous_4)
FN:42,(anonymous_5)
FN:46,(anonymous_6)
FN:53,(anonymous_7)
FNF:8
FNH:0
FNDA:0,(anonymous_0)
FNDA:0,(anonymous_1)
FNDA:0,(anonymous_2)
FNDA:0,(anonymous_3)
FNDA:0,(anonymous_4)
FNDA:0,(anonymous_5)
FNDA:0,(anonymous_6)
FNDA:0,(anonymous_7)
DA:2,0
DA:9,0
DA:11,0
DA:12,0
DA:15,0
DA:22,0
DA:29,0
DA:30,0
DA:37,0
DA:43,0
DA:46,0
DA:47,0
DA:48,0
DA:50,0
DA:54,0
LF:15
LH:0
BRDA:47,0,0,0
BRF:1
BRH:0
end_of_record
TN:
SF:src/api/oauth2/index.ts
FN:21,(anonymous_0)
FN:26,(anonymous_1)
FN:39,(anonymous_2)
FN:41,(anonymous_3)
FN:47,(anonymous_4)
FN:54,(anonymous_5)
FN:67,(anonymous_6)
FN:81,(anonymous_7)
FN:92,(anonymous_8)
FN:99,(anonymous_9)
FN:106,(anonymous_10)
FN:116,(anonymous_11)
FN:126,(anonymous_12)
FN:136,(anonymous_13)
FN:146,(anonymous_14)
FN:153,(anonymous_15)
FN:160,(anonymous_16)
FN:169,(anonymous_17)
FN:178,(anonymous_18)
FN:193,(anonymous_19)
FN:215,(anonymous_20)
FN:219,(anonymous_21)
FN:225,(anonymous_22)
FN:230,(anonymous_23)
FNF:24
FNH:0
FNDA:0,(anonymous_0)
FNDA:0,(anonymous_1)
FNDA:0,(anonymous_2)
FNDA:0,(anonymous_3)
FNDA:0,(anonymous_4)
FNDA:0,(anonymous_5)
FNDA:0,(anonymous_6)
FNDA:0,(anonymous_7)
FNDA:0,(anonymous_8)
FNDA:0,(anonymous_9)
FNDA:0,(anonymous_10)
FNDA:0,(anonymous_11)
FNDA:0,(anonymous_12)
FNDA:0,(anonymous_13)
FNDA:0,(anonymous_14)
FNDA:0,(anonymous_15)
FNDA:0,(anonymous_16)
FNDA:0,(anonymous_17)
FNDA:0,(anonymous_18)
FNDA:0,(anonymous_19)
FNDA:0,(anonymous_20)
FNDA:0,(anonymous_21)
FNDA:0,(anonymous_22)
FNDA:0,(anonymous_23)
DA:14,0
DA:15,0
DA:20,0
DA:21,0
DA:29,0
DA:33,0
DA:40,0
DA:41,0
DA:48,0
DA:57,0
DA:61,0
DA:71,0
DA:75,0
DA:82,0
DA:86,0
DA:93,0
DA:100,0
DA:110,0
DA:120,0
DA:130,0
DA:140,0
DA:147,0
DA:154,0
DA:163,0
DA:172,0
DA:179,0
DA:198,0
DA:205,0
DA:206,0
DA:209,0
DA:219,0
DA:228,0
DA:229,0
DA:230,0
LF:34
LH:0
BRDA:41,0,0,0
BRDA:41,0,1,0
BRDA:180,1,0,0
BRDA:180,1,1,0
BRDA:180,1,2,0
BRDA:180,1,3,0
BRDA:180,1,4,0
BRDA:180,1,5,0
BRDA:180,1,6,0
BRDA:205,2,0,0
BRDA:230,3,0,0
BRDA:230,3,1,0
BRF:12
BRH:0
end_of_record
TN:
SF:src/api/quarantine/index.ts
FN:19,(anonymous_0)
FN:24,(anonymous_1)
FN:37,(anonymous_2)
FN:39,(anonymous_3)
FN:45,(anonymous_4)
FN:54,(anonymous_5)
FN:63,(anonymous_6)
FN:72,(anonymous_7)
FN:81,(anonymous_8)
FN:95,(anonymous_9)
FN:109,(anonymous_10)
FN:123,(anonymous_11)
FN:137,(anonymous_12)
FN:144,(anonymous_13)
FN:151,(anonymous_14)
FN:158,(anonymous_15)
FN:165,(anonymous_16)
FN:178,(anonymous_17)
FN:193,(anonymous_18)
FN:208,(anonymous_19)
FN:210,(anonymous_20)
FN:216,(anonymous_21)
FN:227,(anonymous_22)
FN:234,(anonymous_23)
FNF:24
FNH:0
FNDA:0,(anonymous_0)
FNDA:0,(anonymous_1)
FNDA:0,(anonymous_2)
FNDA:0,(anonymous_3)
FNDA:0,(anonymous_4)
FNDA:0,(anonymous_5)
FNDA:0,(anonymous_6)
FNDA:0,(anonymous_7)
FNDA:0,(anonymous_8)
FNDA:0,(anonymous_9)
FNDA:0,(anonymous_10)
FNDA:0,(anonymous_11)
FNDA:0,(anonymous_12)
FNDA:0,(anonymous_13)
FNDA:0,(anonymous_14)
FNDA:0,(anonymous_15)
FNDA:0,(anonymous_16)
FNDA:0,(anonymous_17)
FNDA:0,(anonymous_18)
FNDA:0,(anonymous_19)
FNDA:0,(anonymous_20)
FNDA:0,(anonymous_21)
FNDA:0,(anonymous_22)
FNDA:0,(anonymous_23)
DA:12,0
DA:13,0
DA:18,0
DA:19,0
DA:27,0
DA:31,0
DA:38,0
DA:39,0
DA:48,0
DA:57,0
DA:66,0
DA:75,0
DA:82,0
DA:89,0
DA:96,0
DA:103,0
DA:110,0
DA:117,0
DA:124,0
DA:131,0
DA:138,0
DA:145,0
DA:152,0
DA:159,0
DA:169,0
DA:183,0
DA:198,0
DA:209,0
DA:210,0
DA:222,0
DA:224,0
DA:225,0
DA:227,0
DA:228,0
DA:229,0
DA:232,0
DA:234,0
LF:37
LH:0
BRDA:39,0,0,0
BRDA:39,0,1,0
BRDA:228,1,0,0
BRDA:228,1,1,0
BRDA:229,2,0,0
BRDA:229,2,1,0
BRF:6
BRH:0
end_of_record
TN:
SF:src/api/queues/index.ts
FN:6,(anonymous_0)
FN:8,(anonymous_1)
FN:15,(anonymous_2)
FN:19,(anonymous_3)
FN:25,(anonymous_4)
FN:29,(anonymous_5)
FN:36,(anonymous_6)
FN:42,(anonymous_7)
FN:51,(anonymous_8)
FNF:9
FNH:0
FNDA:0,(anonymous_0)
FNDA:0,(anonymous_1)
FNDA:0,(anonymous_2)
FNDA:0,(anonymous_3)
FNDA:0,(anonymous_4)
FNDA:0,(anonymous_5)
FNDA:0,(anonymous_6)
FNDA:0,(anonymous_7)
FNDA:0,(anonymous_8)
DA:2,0
DA:3,0
DA:5,0
DA:6,0
DA:9,0
DA:16,0
DA:20,0
DA:26,0
DA:29,0
DA:30,0
DA:31,0
DA:33,0
DA:39,0
DA:45,0
DA:53,0
LF:15
LH:0
BRDA:30,0,0,0
BRF:1
BRH:0
end_of_record
TN:
SF:src/api/resources/index.ts
FN:6,(anonymous_0)
FN:8,(anonymous_1)
FN:15,(anonymous_2)
FN:19,(anonymous_3)
FN:26,(anonymous_4)
FN:32,(anonymous_5)
FNF:6
FNH:0
FNDA:0,(anonymous_0)
FNDA:0,(anonymous_1)
FNDA:0,(anonymous_2)
FNDA:0,(anonymous_3)
FNDA:0,(anonymous_4)
FNDA:0,(anonymous_5)
DA:2,0
DA:3,0
DA:5,0
DA:6,0
DA:9,0
DA:16,0
DA:19,0
DA:20,0
DA:21,0
DA:23,0
DA:29,0
DA:32,0
LF:12
LH:0
BRDA:20,0,0,0
BRF:1
BRH:0
end_of_record
TN:
SF:src/api/rspamd/index.ts
FN:18,(anonymous_0)
FN:23,(anonymous_1)
FN:33,(anonymous_2)
FN:46,(anonymous_3)
FN:53,(anonymous_4)
FN:60,(anonymous_5)
FN:69,(anonymous_6)
FN:78,(anonymous_7)
FN:82,(anonymous_8)
FN:89,(anonymous_9)
FN:98,(anonymous_10)
FN:102,(anonymous_11)
FN:109,(anonymous_12)
FN:116,(anonymous_13)
FN:123,(anonymous_14)
FN:130,(anonymous_15)
FN:137,(anonymous_16)
FN:146,(anonymous_17)
FN:154,(anonymous_18)
FN:162,(anonymous_19)
FN:170,(anonymous_20)
FN:178,(anonymous_21)
FN:187,(anonymous_22)
FN:196,(anonymous_23)
FN:212,(anonymous_24)
FNF:25
FNH:0
FNDA:0,(anonymous_0)
FNDA:0,(anonymous_1)
FNDA:0,(anonymous_2)
FNDA:0,(anonymous_3)
FNDA:0,(anonymous_4)
FNDA:0,(anonymous_5)
FNDA:0,(anonymous_6)
FNDA:0,(anonymous_7)
FNDA:0,(anonymous_8)
FNDA:0,(anonymous_9)
FNDA:0,(anonymous_10)
FNDA:0,(anonymous_11)
FNDA:0,(anonymous_12)
FNDA:0,(anonymous_13)
FNDA:0,(anonymous_14)
FNDA:0,(anonymous_15)
FNDA:0,(anonymous_16)
FNDA:0,(anonymous_17)
FNDA:0,(anonymous_18)
FNDA:0,(anonymous_19)
FNDA:0,(anonymous_20)
FNDA:0,(anonymous_21)
FNDA:0,(anonymous_22)
FNDA:0,(anonymous_23)
FNDA:0,(anonymous_24)
DA:11,0
DA:12,0
DA:17,0
DA:18,0
DA:24,0
DA:27,0
DA:36,0
DA:40,0
DA:47,0
DA:54,0
DA:63,0
DA:70,0
DA:71,0
DA:72,0
DA:81,0
DA:82,0
DA:83,0
DA:90,0
DA:91,0
DA:92,0
DA:101,0
DA:102,0
DA:103,0
DA:110,0
DA:117,0
DA:124,0
DA:131,0
DA:140,0
DA:147,0
DA:148,0
DA:155,0
DA:156,0
DA:163,0
DA:164,0
DA:171,0
DA:172,0
DA:181,0
DA:190,0
DA:197,0
DA:220,0
DA:222,0
LF:41
LH:0
BRDA:198,0,0,0
BRDA:198,0,1,0
BRDA:198,0,2,0
BRDA:198,0,3,0
BRDA:198,0,4,0
BRDA:198,0,5,0
BRDA:198,0,6,0
BRDA:198,0,7,0
BRF:8
BRH:0
end_of_record
TN:
SF:src/api/spam/index.ts
FN:5,(anonymous_0)
FN:7,(anonymous_1)
FN:11,(anonymous_2)
FN:15,(anonymous_3)
FN:21,(anonymous_4)
FN:27,(anonymous_5)
FN:29,(anonymous_6)
FN:33,(anonymous_7)
FN:35,(anonymous_8)
FNF:9
FNH:0
FNDA:0,(anonymous_0)
FNDA:0,(anonymous_1)
FNDA:0,(anonymous_2)
FNDA:0,(anonymous_3)
FNDA:0,(anonymous_4)
FNDA:0,(anonymous_5)
FNDA:0,(anonymous_6)
FNDA:0,(anonymous_7)
FNDA:0,(anonymous_8)
DA:4,0
DA:5,0
DA:8,0
DA:12,0
DA:16,0
DA:17,0
DA:18,0
DA:22,0
DA:23,0
DA:24,0
DA:28,0
DA:29,0
DA:30,0
DA:34,0
DA:35,0
DA:36,0
LF:16
LH:0
BRF:0
BRH:0
end_of_record
TN:
SF:src/api/syncjobs/index.ts
FN:12,(anonymous_0)
FN:14,(anonymous_1)
FN:21,(anonymous_2)
FN:28,(anonymous_3)
FN:36,(anonymous_4)
FN:43,(anonymous_5)
FN:47,(anonymous_6)
FN:54,(anonymous_7)
FN:58,(anonymous_8)
FNF:9
FNH:0
FNDA:0,(anonymous_0)
FNDA:0,(anonymous_1)
FNDA:0,(anonymous_2)
FNDA:0,(anonymous_3)
FNDA:0,(anonymous_4)
FNDA:0,(anonymous_5)
FNDA:0,(anonymous_6)
FNDA:0,(anonymous_7)
FNDA:0,(anonymous_8)
DA:8,0
DA:9,0
DA:11,0
DA:12,0
DA:15,0
DA:22,0
DA:29,0
DA:30,0
DA:37,0
DA:44,0
DA:47,0
DA:48,0
DA:49,0
DA:51,0
DA:55,0
DA:59,0
LF:16
LH:0
BRDA:48,0,0,0
BRF:1
BRH:0
end_of_record
TN:
SF:src/api/system/index.ts
FN:5,(anonymous_0)
FN:7,(anonymous_1)
FN:11,(anonymous_2)
FN:14,(anonymous_3)
FN:19,(anonymous_4)
FN:26,(anonymous_5)
FN:30,(anonymous_6)
FNF:7
FNH:0
FNDA:0,(anonymous_0)
FNDA:0,(anonymous_1)
FNDA:0,(anonymous_2)
FNDA:0,(anonymous_3)
FNDA:0,(anonymous_4)
FNDA:0,(anonymous_5)
FNDA:0,(anonymous_6)
DA:4,0
DA:5,0
DA:8,0
DA:12,0
DA:13,0
DA:14,0
DA:16,0
DA:20,0
DA:27,0
DA:31,0
LF:10
LH:0
BRDA:13,0,0,0
BRF:1
BRH:0
end_of_record
TN:
SF:src/api/tls-policy/index.ts
FN:21,(anonymous_0)
FN:26,(anonymous_1)
FN:39,(anonymous_2)
FN:41,(anonymous_3)
FN:47,(anonymous_4)
FN:60,(anonymous_5)
FN:74,(anonymous_6)
FN:85,(anonymous_7)
FN:92,(anonymous_8)
FN:99,(anonymous_9)
FN:117,(anonymous_10)
FN:127,(anonymous_11)
FN:134,(anonymous_12)
FN:141,(anonymous_13)
FN:158,(anonymous_14)
FN:165,(anonymous_15)
FN:172,(anonymous_16)
FN:194,(anonymous_17)
FN:212,(anonymous_18)
FNF:19
FNH:0
FNDA:0,(anonymous_0)
FNDA:0,(anonymous_1)
FNDA:0,(anonymous_2)
FNDA:0,(anonymous_3)
FNDA:0,(anonymous_4)
FNDA:0,(anonymous_5)
FNDA:0,(anonymous_6)
FNDA:0,(anonymous_7)
FNDA:0,(anonymous_8)
FNDA:0,(anonymous_9)
FNDA:0,(anonymous_10)
FNDA:0,(anonymous_11)
FNDA:0,(anonymous_12)
FNDA:0,(anonymous_13)
FNDA:0,(anonymous_14)
FNDA:0,(anonymous_15)
FNDA:0,(anonymous_16)
FNDA:0,(anonymous_17)
FNDA:0,(anonymous_18)
DA:14,0
DA:15,0
DA:20,0
DA:21,0
DA:29,0
DA:33,0
DA:40,0
DA:41,0
DA:50,0
DA:54,0
DA:64,0
DA:68,0
DA:75,0
DA:79,0
DA:86,0
DA:93,0
DA:111,0
DA:121,0
DA:128,0
DA:135,0
DA:152,0
DA:159,0
DA:166,0
DA:173,0
DA:184,0
DA:195,0
DA:206,0
DA:213,0
DA:221,0
LF:29
LH:0
BRDA:41,0,0,0
BRDA:41,0,1,0
BRDA:185,1,0,0
BRDA:185,1,1,0
BRDA:185,1,2,0
BRDA:206,2,0,0
BRDA:206,2,1,0
BRF:7
BRH:0
end_of_record
TN:
SF:src/api/users/index.ts
FN:21,(anonymous_0)
FN:26,(anonymous_1)
FN:37,(anonymous_2)
FN:39,(anonymous_3)
FN:45,(anonymous_4)
FN:52,(anonymous_5)
FN:63,(anonymous_6)
FN:77,(anonymous_7)
FN:88,(anonymous_8)
FN:95,(anonymous_9)
FN:102,(anonymous_10)
FN:109,(anonymous_11)
FN:119,(anonymous_12)
FN:126,(anonymous_13)
FN:133,(anonymous_14)
FN:140,(anonymous_15)
FNF:16
FNH:0
FNDA:0,(anonymous_0)
FNDA:0,(anonymous_1)
FNDA:0,(anonymous_2)
FNDA:0,(anonymous_3)
FNDA:0,(anonymous_4)
FNDA:0,(anonymous_5)
FNDA:0,(anonymous_6)
FNDA:0,(anonymous_7)
FNDA:0,(anonymous_8)
FNDA:0,(anonymous_9)
FNDA:0,(anonymous_10)
FNDA:0,(anonymous_11)
FNDA:0,(anonymous_12)
FNDA:0,(anonymous_13)
FNDA:0,(anonymous_14)
FNDA:0,(anonymous_15)
DA:14,0
DA:15,0
DA:20,0
DA:21,0
DA:27,0
DA:31,0
DA:38,0
DA:39,0
DA:46,0
DA:53,0
DA:57,0
DA:67,0
DA:71,0
DA:78,0
DA:82,0
DA:89,0
DA:96,0
DA:103,0
DA:113,0
DA:120,0
DA:127,0
DA:134,0
DA:141,0
LF:23
LH:0
BRDA:39,0,0,0
BRDA:39,0,1,0
BRF:2
BRH:0
end_of_record
TN:
SF:src/auth/api-key.ts
FN:7,(anonymous_0)
FN:14,(anonymous_1)
FN:30,(anonymous_2)
FN:36,(anonymous_3)
FN:42,(anonymous_4)
FNF:5
FNH:5
FNDA:1,(anonymous_0)
FNDA:4,(anonymous_1)
FNDA:1,(anonymous_2)
FNDA:1,(anonymous_3)
FNDA:1,(anonymous_4)
DA:2,2
DA:4,2
DA:6,2
DA:9,1
DA:10,1
DA:11,1
DA:16,4
DA:17,2
DA:22,2
DA:23,0
DA:27,2
DA:32,1
DA:33,1
DA:38,1
DA:39,1
DA:44,1
LF:16
LH:15
BRDA:4,0,0,0
BRDA:4,0,1,2
BRDA:10,1,0,0
BRDA:16,2,0,2
BRDA:16,3,0,4
BRDA:16,3,1,4
BRDA:22,4,0,0
BRDA:22,5,0,2
BRDA:22,5,1,0
BRDA:22,5,2,0
BRF:10
BRH:5
end_of_record
TN:
SF:src/auth/auth.ts
FN:27,(anonymous_0)
FN:31,(anonymous_1)
FN:39,(anonymous_2)
FN:45,(anonymous_3)
FN:49,(anonymous_4)
FN:55,(anonymous_5)
FN:84,(anonymous_6)
FN:88,(anonymous_7)
FN:94,(anonymous_8)
FN:103,(anonymous_9)
FN:107,(anonymous_10)
FN:108,(anonymous_11)
FN:109,(anonymous_12)
FN:112,(anonymous_13)
FN:119,(anonymous_14)
FN:130,(anonymous_15)
FN:137,(anonymous_16)
FN:146,(anonymous_17)
FN:155,(anonymous_18)
FN:176,(anonymous_19)
FN:205,(anonymous_20)
FN:220,(anonymous_21)
FN:225,(anonymous_22)
FN:230,(anonymous_23)
FN:235,(anonymous_24)
FN:240,(anonymous_25)
FNF:26
FNH:15
FNDA:1,(anonymous_0)
FNDA:2,(anonymous_1)
FNDA:0,(anonymous_2)
FNDA:0,(anonymous_3)
FNDA:0,(anonymous_4)
FNDA:48,(anonymous_5)
FNDA:44,(anonymous_6)
FNDA:261,(anonymous_7)
FNDA:109,(anonymous_8)
FNDA:48,(anonymous_9)
FNDA:175,(anonymous_10)
FNDA:141,(anonymous_11)
FNDA:34,(anonymous_12)
FNDA:14,(anonymous_13)
FNDA:16,(anonymous_14)
FNDA:19,(anonymous_15)
FNDA:0,(anonymous_16)
FNDA:4,(anonymous_17)
FNDA:35,(anonymous_18)
FNDA:0,(anonymous_19)
FNDA:0,(anonymous_20)
FNDA:0,(anonymous_21)
FNDA:0,(anonymous_22)
FNDA:0,(anonymous_23)
FNDA:0,(anonymous_24)
FNDA:0,(anonymous_25)
DA:2,1
DA:3,1
DA:4,1
DA:10,1
DA:11,1
DA:12,1
DA:24,1
DA:28,1
DA:32,2
DA:33,2
DA:34,1
DA:36,2
DA:40,0
DA:41,0
DA:42,0
DA:46,0
DA:50,0
DA:51,0
DA:52,0
DA:57,48
DA:58,4
DA:59,4
DA:62,44
DA:65,44
DA:66,7
DA:67,7
DA:71,37
DA:72,14
DA:73,14
DA:74,3
DA:75,3
DA:80,34
DA:81,34
DA:85,44
DA:88,44
DA:89,261
DA:91,44
DA:94,27
DA:95,109
DA:97,27
DA:100,18
DA:104,48
DA:107,175
DA:108,141
DA:109,34
DA:114,14
DA:115,14
DA:116,14
DA:119,14
DA:121,16
DA:122,2
DA:125,14
DA:127,14
DA:130,12
DA:131,19
DA:133,12
DA:136,9
DA:137,0
DA:138,0
DA:142,9
DA:148,4
DA:149,4
DA:150,0
DA:152,4
DA:157,35
DA:158,35
DA:159,16
DA:160,16
DA:162,16
DA:163,0
DA:164,0
DA:167,16
DA:168,16
DA:169,0
DA:170,0
DA:173,16
DA:182,0
DA:185,0
DA:186,0
DA:189,0
DA:191,0
DA:193,0
DA:195,0
DA:197,0
DA:199,0
DA:201,0
DA:206,0
DA:208,0
DA:210,0
DA:212,0
DA:214,0
DA:216,0
DA:222,0
DA:227,0
DA:232,0
DA:237,0
DA:241,0
DA:242,0
DA:243,0
DA:246,0
LF:100
LH:62
BRDA:33,0,0,1
BRDA:51,1,0,0
BRDA:55,2,0,34
BRDA:57,3,0,4
BRDA:65,4,0,7
BRDA:65,5,0,44
BRDA:65,5,1,14
BRDA:71,6,0,14
BRDA:73,7,0,3
BRDA:91,8,0,17
BRDA:97,9,0,9
BRDA:107,10,0,48
BRDA:107,10,1,29
BRDA:107,10,2,12
BRDA:115,11,0,14
BRDA:115,11,1,0
BRDA:116,12,0,14
BRDA:116,12,1,0
BRDA:121,13,0,2
BRDA:121,14,0,16
BRDA:121,14,1,14
BRDA:125,15,0,14
BRDA:125,15,1,2
BRDA:127,16,0,2
BRDA:133,17,0,3
BRDA:136,18,0,0
BRDA:136,19,0,9
BRDA:136,19,1,0
BRDA:149,20,0,0
BRDA:157,21,0,0
BRDA:157,22,0,35
BRDA:157,22,1,35
BRDA:158,23,0,19
BRDA:159,24,0,0
BRDA:159,25,0,16
BRDA:159,25,1,0
BRDA:160,26,0,0
BRDA:160,27,0,16
BRDA:160,27,1,0
BRDA:162,28,0,0
BRDA:164,29,0,0
BRDA:164,30,0,0
BRDA:164,30,1,0
BRDA:168,31,0,0
BRDA:168,32,0,16
BRDA:168,32,1,16
BRDA:170,33,0,0
BRDA:173,34,0,16
BRDA:173,34,1,14
BRDA:186,35,0,0
BRDA:189,36,0,0
BRDA:189,36,1,0
BRDA:189,36,2,0
BRDA:189,36,3,0
BRDA:189,36,4,0
BRDA:189,36,5,0
BRDA:206,37,0,0
BRDA:206,37,1,0
BRDA:206,37,2,0
BRDA:206,37,3,0
BRDA:206,37,4,0
BRDA:208,38,0,0
BRDA:208,38,1,0
BRDA:210,39,0,0
BRDA:210,39,1,0
BRDA:212,40,0,0
BRDA:212,40,1,0
BRDA:214,41,0,0
BRDA:214,41,1,0
BRDA:222,42,0,0
BRDA:222,42,1,0
BRDA:227,43,0,0
BRDA:227,43,1,0
BRDA:232,44,0,0
BRDA:232,44,1,0
BRDA:237,45,0,0
BRDA:237,45,1,0
BRDA:243,46,0,0
BRDA:243,46,1,0
BRF:79
BRH:32
end_of_record
TN:
SF:src/auth/index.ts
FNF:0
FNH:0
DA:1,0
DA:2,0
DA:3,0
DA:4,0
DA:5,0
LF:5
LH:0
BRF:0
BRH:0
end_of_record
TN:
SF:src/auth/security.ts
FN:3,sanitizeInput
FN:8,generateSecureToken
FN:12,encryptAPIKey
FN:17,decryptAPIKey
FN:23,validateInput
FN:27,auditLog
FN:33,rateLimitCheck
FNF:7
FNH:7
FNDA:4,sanitizeInput
FNDA:7,generateSecureToken
FNDA:7,encryptAPIKey
FNDA:1,decryptAPIKey
FNDA:4,validateInput
FNDA:50,auditLog
FNDA:1,rateLimitCheck
DA:1,3
DA:3,3
DA:5,4
DA:8,3
DA:9,7
DA:12,3
DA:14,7
DA:17,3
DA:18,1
DA:20,1
DA:23,3
DA:24,4
DA:27,3
DA:28,50
DA:33,3
DA:34,1
DA:36,1
LF:17
LH:17
BRDA:8,0,0,4
BRF:1
BRH:1
end_of_record
TN:
SF:src/auth/session.ts
FN:7,createSession
FN:24,validateSessionToken
FN:32,refreshSession
FN:42,cleanupExpiredSessions
FNF:4
FNH:4
FNDA:3,createSession
FNDA:2,validateSessionToken
FNDA:2,refreshSession
FNDA:1,cleanupExpiredSessions
DA:2,2
DA:4,2
DA:5,2
DA:7,2
DA:8,3
DA:9,3
DA:10,3
DA:19,3
DA:21,3
DA:24,2
DA:25,2
DA:26,2
DA:27,1
DA:29,1
DA:32,2
DA:33,2
DA:34,2
DA:35,1
DA:36,1
DA:37,1
DA:39,1
DA:42,2
DA:43,1
DA:44,1
DA:45,3
DA:47,0
LF:26
LH:25
BRDA:26,0,0,1
BRDA:27,1,0,0
BRDA:34,2,0,1
BRDA:45,3,0,0
BRF:4
BRH:2
end_of_record
TN:
SF:src/config/config.ts
FN:13,(anonymous_0)
FN:20,(anonymous_1)
FN:43,(anonymous_2)
FN:50,(anonymous_3)
FN:64,(anonymous_4)
FN:71,(anonymous_5)
FNF:6
FNH:0
FNDA:0,(anonymous_0)
FNDA:0,(anonymous_1)
FNDA:0,(anonymous_2)
FNDA:0,(anonymous_3)
FNDA:0,(anonymous_4)
FNDA:0,(anonymous_5)
DA:2,0
DA:3,0
DA:4,0
DA:9,0
DA:11,0
DA:14,0
DA:22,0
DA:23,0
DA:26,0
DA:28,0
DA:29,0
DA:37,0
DA:44,0
DA:51,0
DA:52,0
DA:54,0
DA:55,0
DA:58,0
DA:65,0
DA:72,0
DA:96,0
LF:21
LH:0
BRDA:28,0,0,0
BRDA:54,1,0,0
BRF:2
BRH:0
end_of_record
TN:
SF:src/config/defaults.ts
FN:160,getDefaultConfig
FN:199,getMinimalConfig
FNF:2
FNH:0
FNDA:0,getDefaultConfig
FNDA:0,getMinimalConfig
DA:6,0
DA:160,0
DA:161,0
DA:164,0
DA:193,0
DA:199,0
DA:200,0
LF:7
LH:0
BRDA:160,0,0,0
BRDA:168,1,0,0
BRDA:168,1,1,0
BRDA:169,2,0,0
BRDA:169,2,1,0
BRDA:172,3,0,0
BRDA:172,3,1,0
BRDA:173,4,0,0
BRDA:173,4,1,0
BRDA:175,5,0,0
BRDA:175,5,1,0
BRDA:176,6,0,0
BRDA:176,6,1,0
BRDA:180,7,0,0
BRDA:180,7,1,0
BRDA:181,8,0,0
BRDA:181,8,1,0
BRDA:183,9,0,0
BRDA:183,9,1,0
BRDA:184,10,0,0
BRDA:184,10,1,0
BRDA:188,11,0,0
BRDA:188,11,1,0
BRDA:189,12,0,0
BRDA:189,12,1,0
BRF:25
BRH:0
end_of_record
TN:
SF:src/config/environment.ts
FN:6,loadEnvironmentConfig
FN:56,getEnvironmentVariableMapping
FN:73,validateEnvironmentVariables
FN:114,getCurrentEnvironment
FNF:4
FNH:0
FNDA:0,loadEnvironmentConfig
FNDA:0,getEnvironmentVariableMapping
FNDA:0,validateEnvironmentVariables
FNDA:0,getCurrentEnvironment
DA:6,0
DA:7,0
DA:10,0
DA:11,0
DA:12,0
DA:13,0
DA:14,0
DA:15,0
DA:17,0
DA:18,0
DA:19,0
DA:21,0
DA:22,0
DA:25,0
DA:26,0
DA:27,0
DA:28,0
DA:29,0
DA:31,0
DA:34,0
DA:35,0
DA:36,0
DA:37,0
DA:39,0
DA:40,0
DA:41,0
DA:43,0
DA:44,0
DA:45,0
DA:47,0
DA:48,0
DA:50,0
DA:56,0
DA:57,0
DA:73,0
DA:74,0
DA:75,0
DA:77,0
DA:78,0
DA:79,0
DA:84,0
DA:85,0
DA:86,0
DA:88,0
DA:93,0
DA:94,0
DA:95,0
DA:96,0
DA:101,0
DA:102,0
DA:103,0
DA:104,0
DA:108,0
DA:114,0
DA:115,0
DA:117,0
DA:119,0
DA:121,0
DA:123,0
LF:59
LH:0
BRDA:11,0,0,0
BRDA:12,1,0,0
BRDA:13,2,0,0
BRDA:15,3,0,0
BRDA:15,4,0,0
BRDA:15,4,1,0
BRDA:17,5,0,0
BRDA:19,6,0,0
BRDA:21,7,0,0
BRDA:22,8,0,0
BRDA:26,9,0,0
BRDA:27,10,0,0
BRDA:29,11,0,0
BRDA:31,12,0,0
BRDA:35,13,0,0
BRDA:37,14,0,0
BRDA:39,15,0,0
BRDA:41,16,0,0
BRDA:41,17,0,0
BRDA:41,17,1,0
BRDA:43,18,0,0
BRDA:45,19,0,0
BRDA:47,20,0,0
BRDA:48,21,0,0
BRDA:78,22,0,0
BRDA:84,23,0,0
BRDA:93,24,0,0
BRDA:95,25,0,0
BRDA:95,26,0,0
BRDA:95,26,1,0
BRDA:95,26,2,0
BRDA:101,27,0,0
BRDA:103,28,0,0
BRDA:103,29,0,0
BRDA:103,29,1,0
BRDA:103,29,2,0
BRDA:117,30,0,0
BRDA:117,30,1,0
BRDA:117,30,2,0
BRF:39
BRH:0
end_of_record
TN:
SF:src/config/index.ts
FNF:0
FNH:0
DA:6,0
DA:7,0
DA:8,0
DA:9,0
LF:4
LH:0
BRF:0
BRH:0
end_of_record
TN:
SF:src/config/validation.ts
FN:15,(anonymous_0)
FN:56,(anonymous_1)
FN:59,(anonymous_2)
FN:62,(anonymous_3)
FN:81,validateConfig
FN:93,(anonymous_5)
FN:117,validateAPIConfig
FN:129,(anonymous_7)
FNF:8
FNH:0
FNDA:0,(anonymous_0)
FNDA:0,(anonymous_1)
FNDA:0,(anonymous_2)
FNDA:0,(anonymous_3)
FNDA:0,validateConfig
FNDA:0,(anonymous_5)
FNDA:0,validateAPIConfig
FNDA:0,(anonymous_7)
DA:1,0
DA:5,0
DA:11,0
DA:15,0
DA:23,0
DA:31,0
DA:39,0
DA:45,0
DA:54,0
DA:56,0
DA:59,0
DA:62,0
DA:71,0
DA:81,0
DA:82,0
DA:83,0
DA:84,0
DA:90,0
DA:91,0
DA:93,0
DA:102,0
DA:117,0
DA:118,0
DA:119,0
DA:120,0
DA:126,0
DA:127,0
DA:129,0
DA:138,0
LF:29
LH:0
BRDA:90,0,0,0
BRDA:126,1,0,0
BRF:2
BRH:0
end_of_record
TN:
SF:src/tools/base.ts
FN:37,(anonymous_0)
FN:59,(anonymous_1)
FN:79,(anonymous_2)
FN:99,(anonymous_3)
FN:107,(anonymous_4)
FN:116,(anonymous_5)
FN:130,(anonymous_6)
FN:145,(anonymous_7)
FN:164,(anonymous_8)
FN:177,(anonymous_9)
FN:193,(anonymous_10)
FN:200,(anonymous_11)
FN:225,(anonymous_12)
FN:240,(anonymous_13)
FN:251,(anonymous_14)
FN:255,(anonymous_15)
FN:259,(anonymous_16)
FN:269,(anonymous_17)
FN:291,(anonymous_18)
FN:293,(anonymous_19)
FN:298,(anonymous_20)
FN:303,(anonymous_21)
FN:308,(anonymous_22)
FN:313,(anonymous_23)
FN:318,(anonymous_24)
FN:341,(anonymous_25)
FN:355,(anonymous_26)
FN:369,(anonymous_27)
FN:384,(anonymous_28)
FN:407,(anonymous_29)
FN:415,(anonymous_30)
FN:416,(anonymous_31)
FN:425,(anonymous_32)
FN:426,(anonymous_33)
FNF:34
FNH:0
FNDA:0,(anonymous_0)
FNDA:0,(anonymous_1)
FNDA:0,(anonymous_2)
FNDA:0,(anonymous_3)
FNDA:0,(anonymous_4)
FNDA:0,(anonymous_5)
FNDA:0,(anonymous_6)
FNDA:0,(anonymous_7)
FNDA:0,(anonymous_8)
FNDA:0,(anonymous_9)
FNDA:0,(anonymous_10)
FNDA:0,(anonymous_11)
FNDA:0,(anonymous_12)
FNDA:0,(anonymous_13)
FNDA:0,(anonymous_14)
FNDA:0,(anonymous_15)
FNDA:0,(anonymous_16)
FNDA:0,(anonymous_17)
FNDA:0,(anonymous_18)
FNDA:0,(anonymous_19)
FNDA:0,(anonymous_20)
FNDA:0,(anonymous_21)
FNDA:0,(anonymous_22)
FNDA:0,(anonymous_23)
FNDA:0,(anonymous_24)
FNDA:0,(anonymous_25)
FNDA:0,(anonymous_26)
FNDA:0,(anonymous_27)
FNDA:0,(anonymous_28)
FNDA:0,(anonymous_29)
FNDA:0,(anonymous_30)
FNDA:0,(anonymous_31)
FNDA:0,(anonymous_32)
FNDA:0,(anonymous_33)
DA:6,0
DA:21,0
DA:24,0
DA:29,0
DA:38,0
DA:39,0
DA:60,0
DA:61,0
DA:62,0
DA:64,0
DA:80,0
DA:81,0
DA:82,0
DA:84,0
DA:103,0
DA:104,0
DA:107,0
DA:108,0
DA:117,0
DA:122,0
DA:131,0
DA:136,0
DA:146,0
DA:151,0
DA:165,0
DA:178,0
DA:179,0
DA:181,0
DA:182,0
DA:183,0
DA:187,0
DA:194,0
DA:201,0
DA:219,0
DA:233,0
DA:234,0
DA:235,0
DA:236,0
DA:237,0
DA:241,0
DA:248,0
DA:252,0
DA:256,0
DA:266,0
DA:270,0
DA:284,0
DA:285,0
DA:286,0
DA:287,0
DA:289,0
DA:291,0
DA:294,0
DA:295,0
DA:299,0
DA:300,0
DA:304,0
DA:305,0
DA:309,0
DA:310,0
DA:314,0
DA:315,0
DA:319,0
DA:320,0
DA:323,0
DA:337,0
DA:342,0
DA:347,0
DA:356,0
DA:361,0
DA:370,0
DA:375,0
DA:385,0
DA:387,0
DA:388,0
DA:389,0
DA:397,0
DA:408,0
DA:416,0
DA:417,0
DA:426,0
DA:427,0
LF:81
LH:0
BRDA:68,0,0,0
BRDA:68,0,1,0
BRDA:88,1,0,0
BRDA:88,1,1,0
BRDA:103,2,0,0
BRDA:108,3,0,0
BRDA:108,3,1,0
BRDA:119,4,0,0
BRDA:119,4,1,0
BRDA:182,5,0,0
BRDA:319,6,0,0
BRDA:369,7,0,0
BRDA:388,8,0,0
BRDA:388,9,0,0
BRDA:388,9,1,0
BRDA:388,9,2,0
BRDA:408,10,0,0
BRDA:408,10,1,0
BRDA:417,11,0,0
BRDA:417,11,1,0
BRDA:427,12,0,0
BRDA:427,12,1,0
BRF:22
BRH:0
end_of_record
TN:
SF:src/tools/errors.ts
FN:16,(anonymous_0)
FN:29,(anonymous_1)
FN:40,(anonymous_2)
FN:64,(anonymous_3)
FN:68,(anonymous_4)
FN:76,(anonymous_5)
FN:83,(anonymous_6)
FN:84,(anonymous_7)
FN:90,(anonymous_8)
FN:91,(anonymous_9)
FN:99,(anonymous_10)
FN:113,(anonymous_11)
FN:122,(anonymous_12)
FN:138,(anonymous_13)
FN:145,(anonymous_14)
FN:146,(anonymous_15)
FN:157,(anonymous_16)
FN:167,(anonymous_17)
FN:183,(anonymous_18)
FN:192,(anonymous_19)
FN:208,(anonymous_20)
FN:217,(anonymous_21)
FN:232,(anonymous_22)
FN:254,(anonymous_23)
FN:261,(anonymous_24)
FN:268,(anonymous_25)
FN:275,(anonymous_26)
FN:282,(anonymous_27)
FN:289,(anonymous_28)
FN:296,(anonymous_29)
FN:303,(anonymous_30)
FN:318,(anonymous_31)
FN:328,(anonymous_32)
FN:338,(anonymous_33)
FN:345,(anonymous_34)
FN:352,(anonymous_35)
FN:359,(anonymous_36)
FN:374,(anonymous_37)
FN:385,(anonymous_38)
FN:408,(anonymous_39)
FNF:40
FNH:0
FNDA:0,(anonymous_0)
FNDA:0,(anonymous_1)
FNDA:0,(anonymous_2)
FNDA:0,(anonymous_3)
FNDA:0,(anonymous_4)
FNDA:0,(anonymous_5)
FNDA:0,(anonymous_6)
FNDA:0,(anonymous_7)
FNDA:0,(anonymous_8)
FNDA:0,(anonymous_9)
FNDA:0,(anonymous_10)
FNDA:0,(anonymous_11)
FNDA:0,(anonymous_12)
FNDA:0,(anonymous_13)
FNDA:0,(anonymous_14)
FNDA:0,(anonymous_15)
FNDA:0,(anonymous_16)
FNDA:0,(anonymous_17)
FNDA:0,(anonymous_18)
FNDA:0,(anonymous_19)
FNDA:0,(anonymous_20)
FNDA:0,(anonymous_21)
FNDA:0,(anonymous_22)
FNDA:0,(anonymous_23)
FNDA:0,(anonymous_24)
FNDA:0,(anonymous_25)
FNDA:0,(anonymous_26)
FNDA:0,(anonymous_27)
FNDA:0,(anonymous_28)
FNDA:0,(anonymous_29)
FNDA:0,(anonymous_30)
FNDA:0,(anonymous_31)
FNDA:0,(anonymous_32)
FNDA:0,(anonymous_33)
FNDA:0,(anonymous_34)
FNDA:0,(anonymous_35)
FNDA:0,(anonymous_36)
FNDA:0,(anonymous_37)
FNDA:0,(anonymous_38)
FNDA:0,(anonymous_39)
DA:15,0
DA:18,0
DA:19,0
DA:20,0
DA:22,0
DA:23,0
DA:30,0
DA:41,0
DA:43,0
DA:45,0
DA:47,0
DA:49,0
DA:51,0
DA:53,0
DA:55,0
DA:63,0
DA:66,0
DA:68,0
DA:69,0
DA:70,0
DA:77,0
DA:84,0
DA:91,0
DA:98,0
DA:101,0
DA:103,0
DA:107,0
DA:114,0
DA:121,0
DA:124,0
DA:126,0
DA:132,0
DA:139,0
DA:146,0
DA:147,0
DA:156,0
DA:158,0
DA:159,0
DA:166,0
DA:169,0
DA:171,0
DA:177,0
DA:184,0
DA:191,0
DA:194,0
DA:196,0
DA:202,0
DA:209,0
DA:216,0
DA:219,0
DA:221,0
DA:224,0
DA:231,0
DA:234,0
DA:235,0
DA:237,0
DA:243,0
DA:250,0
DA:255,0
DA:262,0
DA:269,0
DA:276,0
DA:283,0
DA:290,0
DA:297,0
DA:304,0
DA:305,0
DA:308,0
DA:309,0
DA:312,0
DA:322,0
DA:332,0
DA:339,0
DA:346,0
DA:353,0
DA:360,0
DA:361,0
DA:364,0
DA:365,0
DA:368,0
DA:375,0
DA:376,0
DA:379,0
DA:386,0
DA:387,0
DA:390,0
DA:391,0
DA:394,0
DA:395,0
DA:397,0
DA:402,0
DA:409,0
DA:410,0
DA:413,0
DA:414,0
DA:417,0
LF:96
LH:0
BRDA:41,0,0,0
BRDA:41,0,1,0
BRDA:41,0,2,0
BRDA:41,0,3,0
BRDA:41,0,4,0
BRDA:41,0,5,0
BRDA:41,0,6,0
BRDA:147,1,0,0
BRDA:147,1,1,0
BRDA:304,2,0,0
BRDA:308,3,0,0
BRDA:360,4,0,0
BRDA:364,5,0,0
BRDA:375,6,0,0
BRDA:386,7,0,0
BRDA:390,8,0,0
BRDA:394,9,0,0
BRDA:397,10,0,0
BRDA:397,10,1,0
BRDA:397,10,2,0
BRDA:409,11,0,0
BRDA:410,12,0,0
BRDA:410,12,1,0
BRDA:413,13,0,0
BRF:24
BRH:0
end_of_record
TN:
SF:src/tools/index.ts
FNF:0
FNH:0
DA:5,0
DA:6,0
DA:7,0
LF:3
LH:0
BRF:0
BRH:0
end_of_record
TN:
SF:src/tools/registry.ts
FN:43,(anonymous_0)
FN:52,(anonymous_1)
FN:74,(anonymous_2)
FN:101,(anonymous_3)
FN:117,(anonymous_4)
FN:124,(anonymous_5)
FN:131,(anonymous_6)
FN:138,(anonymous_7)
FN:145,(anonymous_8)
FN:156,(anonymous_9)
FN:265,(anonymous_10)
FN:291,(anonymous_11)
FN:298,(anonymous_12)
FN:311,(anonymous_13)
FN:318,(anonymous_14)
FN:325,(anonymous_15)
FN:332,(anonymous_16)
FN:339,(anonymous_17)
FN:352,(anonymous_18)
FN:365,(anonymous_19)
FN:389,(anonymous_20)
FN:412,(anonymous_21)
FN:416,(anonymous_22)
FN:419,(anonymous_23)
FN:422,(anonymous_24)
FN:426,(anonymous_25)
FN:430,(anonymous_26)
FN:441,(anonymous_27)
FN:470,(anonymous_28)
FN:481,(anonymous_29)
FN:489,(anonymous_30)
FNF:31
FNH:0
FNDA:0,(anonymous_0)
FNDA:0,(anonymous_1)
FNDA:0,(anonymous_2)
FNDA:0,(anonymous_3)
FNDA:0,(anonymous_4)
FNDA:0,(anonymous_5)
FNDA:0,(anonymous_6)
FNDA:0,(anonymous_7)
FNDA:0,(anonymous_8)
FNDA:0,(anonymous_9)
FNDA:0,(anonymous_10)
FNDA:0,(anonymous_11)
FNDA:0,(anonymous_12)
FNDA:0,(anonymous_13)
FNDA:0,(anonymous_14)
FNDA:0,(anonymous_15)
FNDA:0,(anonymous_16)
FNDA:0,(anonymous_17)
FNDA:0,(anonymous_18)
FNDA:0,(anonymous_19)
FNDA:0,(anonymous_20)
FNDA:0,(anonymous_21)
FNDA:0,(anonymous_22)
FNDA:0,(anonymous_23)
FNDA:0,(anonymous_24)
FNDA:0,(anonymous_25)
FNDA:0,(anonymous_26)
FNDA:0,(anonymous_27)
FNDA:0,(anonymous_28)
FNDA:0,(anonymous_29)
FNDA:0,(anonymous_30)
DA:6,0
DA:25,0
DA:27,0
DA:28,0
DA:34,0
DA:35,0
DA:36,0
DA:37,0
DA:38,0
DA:44,0
DA:45,0
DA:46,0
DA:53,0
DA:54,0
DA:57,0
DA:58,0
DA:62,0
DA:63,0
DA:64,0
DA:67,0
DA:68,0
DA:75,0
DA:76,0
DA:79,0
DA:80,0
DA:83,0
DA:85,0
DA:86,0
DA:95,0
DA:102,0
DA:103,0
DA:104,0
DA:105,0
DA:107,0
DA:108,0
DA:111,0
DA:118,0
DA:125,0
DA:132,0
DA:139,0
DA:146,0
DA:147,0
DA:148,0
DA:149,0
DA:150,0
DA:161,0
DA:162,0
DA:163,0
DA:166,0
DA:167,0
DA:168,0
DA:171,0
DA:172,0
DA:176,0
DA:185,0
DA:187,0
DA:188,0
DA:192,0
DA:193,0
DA:194,0
DA:198,0
DA:199,0
DA:200,0
DA:204,0
DA:205,0
DA:206,0
DA:207,0
DA:208,0
DA:209,0
DA:210,0
DA:212,0
DA:213,0
DA:221,0
DA:223,0
DA:224,0
DA:225,0
DA:226,0
DA:229,0
DA:230,0
DA:233,0
DA:235,0
DA:243,0
DA:244,0
DA:245,0
DA:246,0
DA:252,0
DA:254,0
DA:266,0
DA:267,0
DA:268,0
DA:270,0
DA:271,0
DA:272,0
DA:273,0
DA:274,0
DA:275,0
DA:280,0
DA:292,0
DA:299,0
DA:312,0
DA:319,0
DA:326,0
DA:333,0
DA:340,0
DA:341,0
DA:346,0
DA:353,0
DA:354,0
DA:355,0
DA:356,0
DA:357,0
DA:359,0
DA:366,0
DA:367,0
DA:368,0
DA:371,0
DA:372,0
DA:374,0
DA:375,0
DA:378,0
DA:379,0
DA:382,0
DA:383,0
DA:390,0
DA:391,0
DA:392,0
DA:395,0
DA:396,0
DA:400,0
DA:409,0
DA:410,0
DA:413,0
DA:417,0
DA:419,0
DA:423,0
DA:427,0
DA:431,0
DA:438,0
DA:439,0
DA:442,0
DA:451,0
DA:452,0
DA:454,0
DA:455,0
DA:456,0
DA:457,0
DA:460,0
DA:461,0
DA:462,0
DA:465,0
DA:467,0
DA:471,0
DA:482,0
DA:483,0
DA:484,0
DA:486,0
DA:490,0
DA:491,0
DA:493,0
LF:159
LH:0
BRDA:45,0,0,0
BRDA:45,0,1,0
BRDA:46,1,0,0
BRDA:46,1,1,0
BRDA:53,2,0,0
BRDA:57,3,0,0
BRDA:63,4,0,0
BRDA:75,5,0,0
BRDA:79,6,0,0
BRDA:85,7,0,0
BRDA:107,8,0,0
BRDA:162,9,0,0
BRDA:167,10,0,0
BRDA:171,11,0,0
BRDA:187,12,0,0
BRDA:193,13,0,0
BRDA:193,14,0,0
BRDA:193,14,1,0
BRDA:199,15,0,0
BRDA:206,16,0,0
BRDA:229,17,0,0
BRDA:229,18,0,0
BRDA:229,18,1,0
BRDA:248,19,0,0
BRDA:248,19,1,0
BRDA:249,20,0,0
BRDA:249,20,1,0
BRDA:272,21,0,0
BRDA:274,22,0,0
BRDA:367,23,0,0
BRDA:372,24,0,0
BRDA:378,25,0,0
BRDA:391,26,0,0
BRDA:395,27,0,0
BRDA:400,28,0,0
BRDA:400,28,1,0
BRDA:400,28,2,0
BRDA:416,29,0,0
BRDA:442,30,0,0
BRDA:442,30,1,0
BRDA:454,31,0,0
BRDA:454,31,1,0
BRDA:454,32,0,0
BRDA:454,32,1,0
BRDA:456,33,0,0
BRDA:460,34,0,0
BRDA:471,35,0,0
BRDA:471,35,1,0
BRDA:490,36,0,0
BRDA:490,36,1,0
BRF:50
BRH:0
end_of_record
TN:
SF:src/tools/validation.ts
FN:18,validateToolInput
FN:90,validateProperty
FN:139,validatePropertyType
FN:209,validateStringProperty
FN:254,validateNumberProperty
FN:288,validateArrayProperty
FN:313,validateObjectProperty
FN:341,validateStringFormat
FN:400,validateToolSchema
FN:477,validatePropertySchema
FN:535,sanitizeToolInput
FN:554,isValidEmail
FN:559,isValidUri
FN:568,isValidDate
FN:577,isValidDateTime
FNF:15
FNH:0
FNDA:0,validateToolInput
FNDA:0,validateProperty
FNDA:0,validatePropertyType
FNDA:0,validateStringProperty
FNDA:0,validateNumberProperty
FNDA:0,validateArrayProperty
FNDA:0,validateObjectProperty
FNDA:0,validateStringFormat
FNDA:0,validateToolSchema
FNDA:0,validatePropertySchema
FNDA:0,sanitizeToolInput
FNDA:0,isValidEmail
FNDA:0,isValidUri
FNDA:0,isValidDate
FNDA:0,isValidDateTime
DA:13,0
DA:18,0
DA:22,0
DA:23,0
DA:25,0
DA:27,0
DA:28,0
DA:33,0
DA:36,0
DA:39,0
DA:40,0
DA:41,0
DA:42,0
DA:52,0
DA:53,0
DA:55,0
DA:56,0
DA:61,0
DA:64,0
DA:65,0
DA:66,0
DA:67,0
DA:71,0
DA:78,0
DA:83,0
DA:95,0
DA:96,0
DA:99,0
DA:100,0
DA:101,0
DA:102,0
DA:106,0
DA:107,0
DA:108,0
DA:109,0
DA:113,0
DA:114,0
DA:115,0
DA:116,0
DA:120,0
DA:121,0
DA:122,0
DA:123,0
DA:127,0
DA:128,0
DA:129,0
DA:130,0
DA:133,0
DA:144,0
DA:146,0
DA:148,0
DA:149,0
DA:156,0
DA:159,0
DA:160,0
DA:167,0
DA:170,0
DA:171,0
DA:178,0
DA:181,0
DA:182,0
DA:189,0
DA:192,0
DA:193,0
DA:200,0
DA:203,0
DA:214,0
DA:215,0
DA:218,0
DA:219,0
DA:228,0
DA:229,0
DA:230,0
DA:231,0
DA:241,0
DA:242,0
DA:243,0
DA:244,0
DA:248,0
DA:259,0
DA:260,0
DA:263,0
DA:264,0
DA:273,0
DA:274,0
DA:282,0
DA:293,0
DA:294,0
DA:296,0
DA:297,0
DA:301,0
DA:302,0
DA:303,0
DA:304,0
DA:307,0
DA:318,0
DA:319,0
DA:321,0
DA:322,0
DA:326,0
DA:327,0
DA:328,0
DA:329,0
DA:330,0
DA:331,0
DA:335,0
DA:346,0
DA:348,0
DA:350,0
DA:351,0
DA:358,0
DA:361,0
DA:362,0
DA:369,0
DA:372,0
DA:373,0
DA:380,0
DA:383,0
DA:384,0
DA:391,0
DA:394,0
DA:400,0
DA:401,0
DA:402,0
DA:404,0
DA:406,0
DA:407,0
DA:412,0
DA:416,0
DA:417,0
DA:425,0
DA:426,0
DA:432,0
DA:433,0
DA:434,0
DA:435,0
DA:440,0
DA:441,0
DA:442,0
DA:443,0
DA:448,0
DA:449,0
DA:458,0
DA:465,0
DA:470,0
DA:481,0
DA:482,0
DA:485,0
DA:486,0
DA:487,0
DA:495,0
DA:496,0
DA:504,0
DA:505,0
DA:513,0
DA:514,0
DA:521,0
DA:522,0
DA:529,0
DA:535,0
DA:536,0
DA:537,0
DA:540,0
DA:541,0
DA:542,0
DA:543,0
DA:545,0
DA:548,0
DA:555,0
DA:556,0
DA:560,0
DA:561,0
DA:562,0
DA:564,0
DA:569,0
DA:570,0
DA:571,0
DA:573,0
DA:574,0
DA:578,0
DA:579,0
DA:580,0
DA:582,0
DA:583,0
LF:184
LH:0
BRDA:27,0,0,0
BRDA:27,1,0,0
BRDA:27,1,1,0
BRDA:39,2,0,0
BRDA:41,3,0,0
BRDA:41,4,0,0
BRDA:41,4,1,0
BRDA:55,5,0,0
BRDA:55,6,0,0
BRDA:55,6,1,0
BRDA:64,7,0,0
BRDA:80,8,0,0
BRDA:80,8,1,0
BRDA:100,9,0,0
BRDA:106,10,0,0
BRDA:113,11,0,0
BRDA:120,12,0,0
BRDA:120,13,0,0
BRDA:120,13,1,0
BRDA:127,14,0,0
BRDA:127,15,0,0
BRDA:127,15,1,0
BRDA:146,16,0,0
BRDA:146,16,1,0
BRDA:146,16,2,0
BRDA:146,16,3,0
BRDA:146,16,4,0
BRDA:148,17,0,0
BRDA:159,18,0,0
BRDA:159,19,0,0
BRDA:159,19,1,0
BRDA:170,20,0,0
BRDA:181,21,0,0
BRDA:192,22,0,0
BRDA:192,23,0,0
BRDA:192,23,1,0
BRDA:192,23,2,0
BRDA:218,24,0,0
BRDA:218,25,0,0
BRDA:218,25,1,0
BRDA:228,26,0,0
BRDA:230,27,0,0
BRDA:241,28,0,0
BRDA:243,29,0,0
BRDA:263,30,0,0
BRDA:263,31,0,0
BRDA:263,31,1,0
BRDA:273,32,0,0
BRDA:273,33,0,0
BRDA:273,33,1,0
BRDA:296,34,0,0
BRDA:321,35,0,0
BRDA:328,36,0,0
BRDA:348,37,0,0
BRDA:348,37,1,0
BRDA:348,37,2,0
BRDA:348,37,3,0
BRDA:350,38,0,0
BRDA:361,39,0,0
BRDA:372,40,0,0
BRDA:383,41,0,0
BRDA:406,42,0,0
BRDA:406,43,0,0
BRDA:406,43,1,0
BRDA:416,44,0,0
BRDA:425,45,0,0
BRDA:425,45,1,0
BRDA:425,46,0,0
BRDA:425,46,1,0
BRDA:440,47,0,0
BRDA:440,48,0,0
BRDA:440,48,1,0
BRDA:442,49,0,0
BRDA:442,49,1,0
BRDA:448,50,0,0
BRDA:467,51,0,0
BRDA:467,51,1,0
BRDA:486,52,0,0
BRDA:495,53,0,0
BRDA:495,54,0,0
BRDA:495,54,1,0
BRDA:504,55,0,0
BRDA:504,56,0,0
BRDA:504,56,1,0
BRDA:513,57,0,0
BRDA:513,58,0,0
BRDA:513,58,1,0
BRDA:521,59,0,0
BRDA:521,60,0,0
BRDA:521,60,1,0
BRDA:536,61,0,0
BRDA:540,62,0,0
BRDA:540,63,0,0
BRDA:540,63,1,0
BRDA:570,64,0,0
BRDA:579,65,0,0
BRF:96
BRH:0
end_of_record
TN:
SF:src/tools/dkim/index.ts
FN:24,createDKIMTools
FN:45,(anonymous_1)
FN:99,(anonymous_2)
FN:157,(anonymous_3)
FN:214,(anonymous_4)
FN:269,(anonymous_5)
FN:327,(anonymous_6)
FN:376,(anonymous_7)
FN:424,(anonymous_8)
FN:473,(anonymous_9)
FNF:10
FNH:0
FNDA:0,createDKIMTools
FNDA:0,(anonymous_1)
FNDA:0,(anonymous_2)
FNDA:0,(anonymous_3)
FNDA:0,(anonymous_4)
FNDA:0,(anonymous_5)
FNDA:0,(anonymous_6)
FNDA:0,(anonymous_7)
FNDA:0,(anonymous_8)
FNDA:0,(anonymous_9)
DA:6,0
DA:12,0
DA:24,0
DA:25,0
DA:28,0
DA:46,0
DA:47,0
DA:48,0
DA:49,0
DA:50,0
DA:51,0
DA:52,0
DA:53,0
DA:54,0
DA:55,0
DA:57,0
DA:59,0
DA:69,0
DA:87,0
DA:100,0
DA:101,0
DA:102,0
DA:103,0
DA:105,0
DA:106,0
DA:115,0
DA:125,0
DA:143,0
DA:158,0
DA:159,0
DA:166,0
DA:168,0
DA:181,0
DA:199,0
DA:215,0
DA:216,0
DA:217,0
DA:218,0
DA:220,0
DA:221,0
DA:222,0
DA:224,0
DA:226,0
DA:239,0
DA:257,0
DA:270,0
DA:271,0
DA:272,0
DA:273,0
DA:275,0
DA:276,0
DA:285,0
DA:297,0
DA:315,0
DA:328,0
DA:329,0
DA:330,0
DA:331,0
DA:333,0
DA:346,0
DA:364,0
DA:377,0
DA:378,0
DA:379,0
DA:380,0
DA:382,0
DA:395,0
DA:413,0
DA:425,0
DA:426,0
DA:427,0
DA:429,0
DA:443,0
DA:461,0
DA:474,0
DA:475,0
DA:476,0
DA:477,0
DA:479,0
DA:480,0
DA:489,0
DA:491,0
DA:509,0
DA:526,0
LF:84
LH:0
BRDA:48,0,0,0
BRDA:49,1,0,0
BRDA:50,2,0,0
BRDA:51,3,0,0
BRDA:52,4,0,0
BRDA:53,5,0,0
BRDA:54,6,0,0
BRDA:55,7,0,0
BRDA:73,8,0,0
BRDA:73,8,1,0
BRDA:105,9,0,0
BRDA:129,10,0,0
BRDA:129,10,1,0
BRDA:185,11,0,0
BRDA:185,11,1,0
BRDA:220,12,0,0
BRDA:221,13,0,0
BRDA:222,14,0,0
BRDA:243,15,0,0
BRDA:243,15,1,0
BRDA:275,16,0,0
BRDA:301,17,0,0
BRDA:301,17,1,0
BRDA:350,18,0,0
BRDA:350,18,1,0
BRDA:399,19,0,0
BRDA:399,19,1,0
BRDA:447,20,0,0
BRDA:447,20,1,0
BRDA:479,21,0,0
BRDA:513,22,0,0
BRDA:513,22,1,0
BRF:32
BRH:0
end_of_record
TN:
SF:src/tools/users/index.ts
FN:24,createUsersTools
FN:44,(anonymous_1)
FN:96,(anonymous_2)
FN:155,(anonymous_3)
FN:214,(anonymous_4)
FN:268,(anonymous_5)
FN:324,(anonymous_6)
FN:371,(anonymous_7)
FN:418,(anonymous_8)
FNF:9
FNH:0
FNDA:0,createUsersTools
FNDA:0,(anonymous_1)
FNDA:0,(anonymous_2)
FNDA:0,(anonymous_3)
FNDA:0,(anonymous_4)
FNDA:0,(anonymous_5)
FNDA:0,(anonymous_6)
FNDA:0,(anonymous_7)
FNDA:0,(anonymous_8)
DA:6,0
DA:12,0
DA:24,0
DA:25,0
DA:28,0
DA:45,0
DA:46,0
DA:47,0
DA:48,0
DA:49,0
DA:50,0
DA:51,0
DA:52,0
DA:53,0
DA:55,0
DA:57,0
DA:67,0
DA:85,0
DA:97,0
DA:98,0
DA:99,0
DA:101,0
DA:102,0
DA:111,0
DA:121,0
DA:139,0
DA:156,0
DA:157,0
DA:166,0
DA:168,0
DA:181,0
DA:199,0
DA:215,0
DA:216,0
DA:217,0
DA:219,0
DA:220,0
DA:221,0
DA:222,0
DA:224,0
DA:226,0
DA:239,0
DA:257,0
DA:269,0
DA:270,0
DA:271,0
DA:273,0
DA:274,0
DA:283,0
DA:295,0
DA:313,0
DA:325,0
DA:326,0
DA:327,0
DA:329,0
DA:342,0
DA:360,0
DA:372,0
DA:373,0
DA:374,0
DA:376,0
DA:389,0
DA:407,0
DA:419,0
DA:420,0
DA:421,0
DA:423,0
DA:437,0
DA:454,0
LF:69
LH:0
BRDA:47,0,0,0
BRDA:48,1,0,0
BRDA:49,2,0,0
BRDA:50,3,0,0
BRDA:51,4,0,0
BRDA:52,5,0,0
BRDA:53,6,0,0
BRDA:71,7,0,0
BRDA:71,7,1,0
BRDA:101,8,0,0
BRDA:125,9,0,0
BRDA:125,9,1,0
BRDA:163,10,0,0
BRDA:163,10,1,0
BRDA:185,11,0,0
BRDA:185,11,1,0
BRDA:219,12,0,0
BRDA:220,13,0,0
BRDA:221,14,0,0
BRDA:222,15,0,0
BRDA:243,16,0,0
BRDA:243,16,1,0
BRDA:273,17,0,0
BRDA:299,18,0,0
BRDA:299,18,1,0
BRDA:346,19,0,0
BRDA:346,19,1,0
BRDA:393,20,0,0
BRDA:393,20,1,0
BRDA:441,21,0,0
BRDA:441,21,1,0
BRF:31
BRH:0
end_of_record
TN:
SF:src/types/api.ts
FN:76,(anonymous_0)
FN:206,isHTTPRequest
FN:219,isHTTPResponse
FN:231,isAPIError
FN:243,isValidHTTPMethod
FN:247,isValidAPIErrorCode
FN:258,(anonymous_6)
FNF:7
FNH:2
FNDA:2,(anonymous_0)
FNDA:0,isHTTPRequest
FNDA:0,isHTTPResponse
FNDA:0,isAPIError
FNDA:0,isValidHTTPMethod
FNDA:0,isValidAPIErrorCode
FNDA:2,(anonymous_6)
DA:76,2
DA:77,2
DA:78,2
DA:79,2
DA:80,2
DA:81,2
DA:82,2
DA:83,2
DA:84,2
DA:85,2
DA:206,2
DA:207,0
DA:219,2
DA:220,0
DA:231,2
DA:232,0
DA:243,2
DA:244,0
DA:247,2
DA:248,0
DA:258,2
DA:259,2
DA:260,2
DA:261,2
DA:262,2
DA:263,2
DA:264,2
DA:265,2
DA:266,2
LF:29
LH:24
BRDA:76,0,0,2
BRDA:76,0,1,2
BRDA:208,1,0,0
BRDA:208,1,1,0
BRDA:208,1,2,0
BRDA:208,1,3,0
BRDA:208,1,4,0
BRDA:208,1,5,0
BRDA:208,1,6,0
BRDA:208,1,7,0
BRDA:221,2,0,0
BRDA:221,2,1,0
BRDA:221,2,2,0
BRDA:221,2,3,0
BRDA:221,2,4,0
BRDA:221,2,5,0
BRDA:221,2,6,0
BRDA:233,3,0,0
BRDA:233,3,1,0
BRDA:233,3,2,0
BRDA:233,3,3,0
BRDA:233,3,4,0
BRDA:233,3,5,0
BRDA:233,3,6,0
BRDA:258,4,0,2
BRDA:258,4,1,2
BRF:26
BRH:4
end_of_record
TN:
SF:src/types/auth.ts
FN:66,(anonymous_0)
FN:196,isAPIKey
FN:209,isSessionToken
FN:225,isAuthResult
FN:236,isUserInfo
FN:252,isValidAccessLevel
FN:256,isValidAuthErrorCode
FNF:7
FNH:1
FNDA:2,(anonymous_0)
FNDA:0,isAPIKey
FNDA:0,isSessionToken
FNDA:0,isAuthResult
FNDA:0,isUserInfo
FNDA:0,isValidAccessLevel
FNDA:0,isValidAuthErrorCode
DA:66,2
DA:67,2
DA:68,2
DA:69,2
DA:70,2
DA:71,2
DA:72,2
DA:73,2
DA:74,2
DA:75,2
DA:196,2
DA:197,0
DA:209,2
DA:210,0
DA:225,2
DA:226,0
DA:236,2
DA:237,0
DA:252,2
DA:253,0
DA:256,2
DA:257,0
LF:22
LH:16
BRDA:66,0,0,2
BRDA:66,0,1,2
BRDA:198,1,0,0
BRDA:198,1,1,0
BRDA:198,1,2,0
BRDA:198,1,3,0
BRDA:198,1,4,0
BRDA:198,1,5,0
BRDA:198,1,6,0
BRDA:198,1,7,0
BRDA:198,1,8,0
BRDA:211,2,0,0
BRDA:211,2,1,0
BRDA:211,2,2,0
BRDA:211,2,3,0
BRDA:211,2,4,0
BRDA:211,2,5,0
BRDA:211,2,6,0
BRDA:211,2,7,0
BRDA:211,2,8,0
BRDA:211,2,9,0
BRDA:211,2,10,0
BRDA:211,2,11,0
BRDA:227,3,0,0
BRDA:227,3,1,0
BRDA:227,3,2,0
BRDA:227,3,3,0
BRDA:227,3,4,0
BRDA:227,3,5,0
BRDA:238,4,0,0
BRDA:238,4,1,0
BRDA:238,4,2,0
BRDA:238,4,3,0
BRDA:238,4,4,0
BRDA:238,4,5,0
BRDA:238,4,6,0
BRDA:238,4,7,0
BRDA:238,4,8,0
BRDA:238,4,9,0
BRDA:238,4,10,0
BRDA:238,4,11,0
BRDA:253,5,0,0
BRDA:253,5,1,0
BRF:43
BRH:2
end_of_record
TN:
SF:src/types/config.ts
FN:144,isMailcowConfig
FN:155,isAPIConfig
FN:170,isAuthConfig
FN:183,isServerConfig
FN:195,isLoggingConfig
FN:208,isValidLogLevel
FN:212,isValidLogFormat
FN:216,isValidLogDestination
FN:220,isValidAccessType
FNF:9
FNH:0
FNDA:0,isMailcowConfig
FNDA:0,isAPIConfig
FNDA:0,isAuthConfig
FNDA:0,isServerConfig
FNDA:0,isLoggingConfig
FNDA:0,isValidLogLevel
FNDA:0,isValidLogFormat
FNDA:0,isValidLogDestination
FNDA:0,isValidAccessType
DA:144,2
DA:145,0
DA:155,2
DA:156,0
DA:170,2
DA:171,0
DA:183,2
DA:184,0
DA:195,2
DA:196,0
DA:208,2
DA:209,0
DA:212,2
DA:213,0
DA:216,2
DA:217,0
DA:220,2
DA:221,0
DA:274,2
LF:19
LH:10
BRDA:146,0,0,0
BRDA:146,0,1,0
BRDA:146,0,2,0
BRDA:146,0,3,0
BRDA:146,0,4,0
BRDA:146,0,5,0
BRDA:157,1,0,0
BRDA:157,1,1,0
BRDA:157,1,2,0
BRDA:157,1,3,0
BRDA:157,1,4,0
BRDA:157,1,5,0
BRDA:157,1,6,0
BRDA:157,1,7,0
BRDA:157,1,8,0
BRDA:157,1,9,0
BRDA:157,1,10,0
BRDA:172,2,0,0
BRDA:172,2,1,0
BRDA:172,2,2,0
BRDA:172,2,3,0
BRDA:172,2,4,0
BRDA:172,2,5,0
BRDA:172,2,6,0
BRDA:172,2,7,0
BRDA:185,3,0,0
BRDA:185,3,1,0
BRDA:185,3,2,0
BRDA:185,3,3,0
BRDA:185,3,4,0
BRDA:185,3,5,0
BRDA:185,3,6,0
BRDA:197,4,0,0
BRDA:197,4,1,0
BRDA:197,4,2,0
BRDA:197,4,3,0
BRDA:197,4,4,0
BRDA:197,4,5,0
BRDA:197,4,6,0
BRDA:197,4,7,0
BRDA:221,5,0,0
BRDA:221,5,1,0
BRF:42
BRH:0
end_of_record
TN:
SF:src/types/index.ts
FNF:0
FNH:0
DA:7,2
DA:8,2
DA:9,2
DA:10,2
DA:11,2
DA:12,2
DA:13,2
DA:14,2
LF:8
LH:8
BRF:0
BRH:0
end_of_record
TN:
SF:src/types/mailcow.ts
FN:458,isMailcowDomain
FN:471,isMailcowMailbox
FN:486,isMailcowAlias
FN:501,isMailcowSystemStatus
FN:516,isMailcowUser
FN:532,isMailcowDKIM
FN:548,isMailcowQuarantineItem
FN:565,isMailcowTLSPolicy
FN:578,isMailcowOAuth2Client
FN:595,isMailcowAppPassword
FN:608,isMailcowRspamdSettings
FNF:11
FNH:0
FNDA:0,isMailcowDomain
FNDA:0,isMailcowMailbox
FNDA:0,isMailcowAlias
FNDA:0,isMailcowSystemStatus
FNDA:0,isMailcowUser
FNDA:0,isMailcowDKIM
FNDA:0,isMailcowQuarantineItem
FNDA:0,isMailcowTLSPolicy
FNDA:0,isMailcowOAuth2Client
FNDA:0,isMailcowAppPassword
FNDA:0,isMailcowRspamdSettings
DA:458,2
DA:459,0
DA:471,2
DA:472,0
DA:486,2
DA:487,0
DA:501,2
DA:504,0
DA:516,2
DA:517,0
DA:532,2
DA:533,0
DA:548,2
DA:551,0
DA:565,2
DA:566,0
DA:578,2
DA:581,0
DA:595,2
DA:596,0
DA:608,2
DA:611,0
LF:22
LH:11
BRDA:460,0,0,0
BRDA:460,0,1,0
BRDA:460,0,2,0
BRDA:460,0,3,0
BRDA:460,0,4,0
BRDA:460,0,5,0
BRDA:460,0,6,0
BRDA:460,0,7,0
BRDA:473,1,0,0
BRDA:473,1,1,0
BRDA:473,1,2,0
BRDA:473,1,3,0
BRDA:473,1,4,0
BRDA:473,1,5,0
BRDA:473,1,6,0
BRDA:473,1,7,0
BRDA:473,1,8,0
BRDA:473,1,9,0
BRDA:488,2,0,0
BRDA:488,2,1,0
BRDA:488,2,2,0
BRDA:488,2,3,0
BRDA:488,2,4,0
BRDA:488,2,5,0
BRDA:488,2,6,0
BRDA:488,2,7,0
BRDA:488,2,8,0
BRDA:488,2,9,0
BRDA:505,3,0,0
BRDA:505,3,1,0
BRDA:505,3,2,0
BRDA:505,3,3,0
BRDA:505,3,4,0
BRDA:505,3,5,0
BRDA:505,3,6,0
BRDA:518,4,0,0
BRDA:518,4,1,0
BRDA:518,4,2,0
BRDA:518,4,3,0
BRDA:518,4,4,0
BRDA:518,4,5,0
BRDA:518,4,6,0
BRDA:518,4,7,0
BRDA:518,4,8,0
BRDA:518,4,9,0
BRDA:518,4,10,0
BRDA:534,5,0,0
BRDA:534,5,1,0
BRDA:534,5,2,0
BRDA:534,5,3,0
BRDA:534,5,4,0
BRDA:534,5,5,0
BRDA:534,5,6,0
BRDA:534,5,7,0
BRDA:534,5,8,0
BRDA:534,5,9,0
BRDA:534,5,10,0
BRDA:552,6,0,0
BRDA:552,6,1,0
BRDA:552,6,2,0
BRDA:552,6,3,0
BRDA:552,6,4,0
BRDA:552,6,5,0
BRDA:552,6,6,0
BRDA:552,6,7,0
BRDA:552,6,8,0
BRDA:552,6,9,0
BRDA:567,7,0,0
BRDA:567,7,1,0
BRDA:567,7,2,0
BRDA:567,7,3,0
BRDA:567,7,4,0
BRDA:567,7,5,0
BRDA:567,7,6,0
BRDA:567,7,7,0
BRDA:582,8,0,0
BRDA:582,8,1,0
BRDA:582,8,2,0
BRDA:582,8,3,0
BRDA:582,8,4,0
BRDA:582,8,5,0
BRDA:582,8,6,0
BRDA:582,8,7,0
BRDA:582,8,8,0
BRDA:582,8,9,0
BRDA:597,9,0,0
BRDA:597,9,1,0
BRDA:597,9,2,0
BRDA:597,9,3,0
BRDA:597,9,4,0
BRDA:597,9,5,0
BRDA:597,9,6,0
BRDA:597,9,7,0
BRDA:612,10,0,0
BRDA:612,10,1,0
BRDA:612,10,2,0
BRDA:612,10,3,0
BRDA:612,10,4,0
BRDA:612,10,5,0
BRDA:612,10,6,0
BRDA:612,10,7,0
BRDA:612,10,8,0
BRF:102
BRH:0
end_of_record
TN:
SF:src/types/mcp.ts
FN:203,(anonymous_0)
FN:223,isMCPRequest
FN:235,isMCPResponse
FN:245,isMCPNotification
FN:257,isTool
FN:267,isResource
FN:282,isTextContent
FN:293,isImageContent
FN:306,isAudioContent
FN:319,isResourceLink
FN:332,isEmbeddedResource
FNF:11
FNH:1
FNDA:2,(anonymous_0)
FNDA:0,isMCPRequest
FNDA:0,isMCPResponse
FNDA:0,isMCPNotification
FNDA:0,isTool
FNDA:0,isResource
FNDA:0,isTextContent
FNDA:0,isImageContent
FNDA:0,isAudioContent
FNDA:0,isResourceLink
FNDA:0,isEmbeddedResource
DA:203,2
DA:205,2
DA:206,2
DA:207,2
DA:208,2
DA:209,2
DA:212,2
DA:213,2
DA:214,2
DA:215,2
DA:216,2
DA:217,2
DA:218,2
DA:219,2
DA:223,2
DA:224,0
DA:235,2
DA:236,0
DA:245,2
DA:246,0
DA:257,2
DA:258,0
DA:267,2
DA:268,0
DA:282,2
DA:283,0
DA:293,2
DA:294,0
DA:306,2
DA:307,0
DA:319,2
DA:320,0
DA:332,2
DA:333,0
LF:34
LH:24
BRDA:203,0,0,2
BRDA:203,0,1,2
BRDA:225,1,0,0
BRDA:225,1,1,0
BRDA:225,1,2,0
BRDA:225,1,3,0
BRDA:225,1,4,0
BRDA:225,1,5,0
BRDA:225,1,6,0
BRDA:237,2,0,0
BRDA:237,2,1,0
BRDA:237,2,2,0
BRDA:237,2,3,0
BRDA:237,2,4,0
BRDA:247,3,0,0
BRDA:247,3,1,0
BRDA:247,3,2,0
BRDA:247,3,3,0
BRDA:247,3,4,0
BRDA:247,3,5,0
BRDA:247,3,6,0
BRDA:259,4,0,0
BRDA:259,4,1,0
BRDA:259,4,2,0
BRDA:259,4,3,0
BRDA:259,4,4,0
BRDA:269,5,0,0
BRDA:269,5,1,0
BRDA:269,5,2,0
BRDA:269,5,3,0
BRDA:269,5,4,0
BRDA:269,5,5,0
BRDA:269,5,6,0
BRDA:269,5,7,0
BRDA:269,5,8,0
BRDA:269,5,9,0
BRDA:284,6,0,0
BRDA:284,6,1,0
BRDA:284,6,2,0
BRDA:284,6,3,0
BRDA:284,6,4,0
BRDA:284,6,5,0
BRDA:295,7,0,0
BRDA:295,7,1,0
BRDA:295,7,2,0
BRDA:295,7,3,0
BRDA:295,7,4,0
BRDA:295,7,5,0
BRDA:295,7,6,0
BRDA:295,7,7,0
BRDA:308,8,0,0
BRDA:308,8,1,0
BRDA:308,8,2,0
BRDA:308,8,3,0
BRDA:308,8,4,0
BRDA:308,8,5,0
BRDA:308,8,6,0
BRDA:308,8,7,0
BRDA:321,9,0,0
BRDA:321,9,1,0
BRDA:321,9,2,0
BRDA:321,9,3,0
BRDA:321,9,4,0
BRDA:321,9,5,0
BRDA:321,9,6,0
BRDA:321,9,7,0
BRDA:334,10,0,0
BRDA:334,10,1,0
BRDA:334,10,2,0
BRDA:334,10,3,0
BRDA:334,10,4,0
BRDA:334,10,5,0
BRDA:334,10,6,0
BRDA:334,10,7,0
BRDA:334,10,8,0
BRDA:334,10,9,0
BRDA:334,10,10,0
BRF:77
BRH:2
end_of_record
TN:
SF:src/types/resources.ts
FN:77,(anonymous_0)
FN:152,(anonymous_1)
FN:283,isResourceHandler
FN:287,isResourceContext
FN:302,isResourceExecution
FN:318,isResourceType
FN:333,isResourceError
FN:344,isValidResourceCategory
FN:348,isValidResourceErrorCode
FN:352,isValidURI
FNF:10
FNH:2
FNDA:2,(anonymous_0)
FNDA:2,(anonymous_1)
FNDA:0,isResourceHandler
FNDA:0,isResourceContext
FNDA:0,isResourceExecution
FNDA:0,isResourceType
FNDA:0,isResourceError
FNDA:0,isValidResourceCategory
FNDA:0,isValidResourceErrorCode
FNDA:0,isValidURI
DA:77,2
DA:78,2
DA:79,2
DA:80,2
DA:81,2
DA:82,2
DA:83,2
DA:84,2
DA:85,2
DA:86,2
DA:152,2
DA:153,2
DA:154,2
DA:155,2
DA:156,2
DA:157,2
DA:158,2
DA:159,2
DA:160,2
DA:161,2
DA:283,2
DA:284,0
DA:287,2
DA:288,0
DA:302,2
DA:303,0
DA:318,2
DA:319,0
DA:333,2
DA:334,0
DA:344,2
DA:345,0
DA:348,2
DA:349,0
DA:352,2
DA:353,0
DA:355,0
DA:356,0
DA:357,0
DA:359,0
LF:40
LH:28
BRDA:77,0,0,2
BRDA:77,0,1,2
BRDA:152,1,0,2
BRDA:152,1,1,2
BRDA:289,2,0,0
BRDA:289,2,1,0
BRDA:289,2,2,0
BRDA:289,2,3,0
BRDA:289,2,4,0
BRDA:289,2,5,0
BRDA:289,2,6,0
BRDA:289,2,7,0
BRDA:289,2,8,0
BRDA:289,2,9,0
BRDA:304,3,0,0
BRDA:304,3,1,0
BRDA:304,3,2,0
BRDA:304,3,3,0
BRDA:304,3,4,0
BRDA:304,3,5,0
BRDA:304,3,6,0
BRDA:304,3,7,0
BRDA:304,3,8,0
BRDA:304,3,9,0
BRDA:304,3,10,0
BRDA:320,4,0,0
BRDA:320,4,1,0
BRDA:320,4,2,0
BRDA:320,4,3,0
BRDA:320,4,4,0
BRDA:320,4,5,0
BRDA:320,4,6,0
BRDA:320,4,7,0
BRDA:320,4,8,0
BRDA:320,4,9,0
BRDA:335,5,0,0
BRDA:335,5,1,0
BRDA:335,5,2,0
BRDA:335,5,3,0
BRDA:335,5,4,0
BRDA:335,5,5,0
BRDA:357,6,0,0
BRDA:357,6,1,0
BRF:43
BRH:4
end_of_record
TN:
SF:src/types/tools.ts
FN:74,(anonymous_0)
FN:127,(anonymous_1)
FN:241,isToolHandler
FN:245,isToolContext
FN:258,isToolExecution
FN:273,isToolResult
FN:282,isToolError
FN:293,isValidToolCategory
FN:297,isValidToolErrorCode
FNF:9
FNH:2
FNDA:2,(anonymous_0)
FNDA:2,(anonymous_1)
FNDA:0,isToolHandler
FNDA:0,isToolContext
FNDA:0,isToolExecution
FNDA:0,isToolResult
FNDA:0,isToolError
FNDA:0,isValidToolCategory
FNDA:0,isValidToolErrorCode
DA:74,2
DA:75,2
DA:76,2
DA:77,2
DA:78,2
DA:79,2
DA:80,2
DA:81,2
DA:82,2
DA:127,2
DA:128,2
DA:129,2
DA:130,2
DA:131,2
DA:132,2
DA:133,2
DA:134,2
DA:135,2
DA:136,2
DA:137,2
DA:138,2
DA:241,2
DA:242,0
DA:245,2
DA:246,0
DA:258,2
DA:259,0
DA:273,2
DA:274,0
DA:282,2
DA:283,0
DA:293,2
DA:294,0
DA:297,2
DA:298,0
LF:35
LH:28
BRDA:74,0,0,2
BRDA:74,0,1,2
BRDA:127,1,0,2
BRDA:127,1,1,2
BRDA:247,2,0,0
BRDA:247,2,1,0
BRDA:247,2,2,0
BRDA:247,2,3,0
BRDA:247,2,4,0
BRDA:247,2,5,0
BRDA:247,2,6,0
BRDA:247,2,7,0
BRDA:260,3,0,0
BRDA:260,3,1,0
BRDA:260,3,2,0
BRDA:260,3,3,0
BRDA:260,3,4,0
BRDA:260,3,5,0
BRDA:260,3,6,0
BRDA:260,3,7,0
BRDA:260,3,8,0
BRDA:260,3,9,0
BRDA:275,4,0,0
BRDA:275,4,1,0
BRDA:275,4,2,0
BRDA:275,4,3,0
BRDA:284,5,0,0
BRDA:284,5,1,0
BRDA:284,5,2,0
BRDA:284,5,3,0
BRDA:284,5,4,0
BRDA:284,5,5,0
BRF:32
BRH:4
end_of_record
TN:
SF:src/types/utils.ts
FN:251,isLogger
FN:266,isErrorHandler
FN:277,isValidationHelper
FN:290,isStringUtils
FN:303,isDateUtils
FN:316,isValidUtilLogLevel
FN:320,isValidDateUnit
FN:326,(anonymous_7)
FNF:8
FNH:1
FNDA:0,isLogger
FNDA:0,isErrorHandler
FNDA:0,isValidationHelper
FNDA:0,isStringUtils
FNDA:0,isDateUtils
FNDA:0,isValidUtilLogLevel
FNDA:0,isValidDateUnit
FNDA:4,(anonymous_7)
DA:251,4
DA:252,0
DA:266,4
DA:267,0
DA:277,4
DA:278,0
DA:290,4
DA:291,0
DA:303,4
DA:304,0
DA:316,4
DA:317,0
DA:320,4
DA:321,0
DA:326,4
DA:327,4
DA:328,4
DA:329,4
DA:330,4
LF:19
LH:12
BRDA:253,0,0,0
BRDA:253,0,1,0
BRDA:253,0,2,0
BRDA:253,0,3,0
BRDA:253,0,4,0
BRDA:253,0,5,0
BRDA:253,0,6,0
BRDA:253,0,7,0
BRDA:253,0,8,0
BRDA:253,0,9,0
BRDA:268,1,0,0
BRDA:268,1,1,0
BRDA:268,1,2,0
BRDA:268,1,3,0
BRDA:268,1,4,0
BRDA:268,1,5,0
BRDA:279,2,0,0
BRDA:279,2,1,0
BRDA:279,2,2,0
BRDA:279,2,3,0
BRDA:279,2,4,0
BRDA:279,2,5,0
BRDA:279,2,6,0
BRDA:279,2,7,0
BRDA:292,3,0,0
BRDA:292,3,1,0
BRDA:292,3,2,0
BRDA:292,3,3,0
BRDA:292,3,4,0
BRDA:292,3,5,0
BRDA:292,3,6,0
BRDA:292,3,7,0
BRDA:305,4,0,0
BRDA:305,4,1,0
BRDA:305,4,2,0
BRDA:305,4,3,0
BRDA:305,4,4,0
BRDA:305,4,5,0
BRDA:305,4,6,0
BRDA:305,4,7,0
BRDA:326,5,0,4
BRDA:326,5,1,4
BRF:42
BRH:2
end_of_record
TN:
SF:src/utils/crypto.ts
FN:3,hash
FN:7,generateToken
FN:17,passwordHash
FN:21,validateCertificate
FNF:4
FNH:4
FNDA:13,hash
FNDA:18,generateToken
FNDA:12,passwordHash
FNDA:7,validateCertificate
DA:1,1
DA:3,1
DA:4,13
DA:7,1
DA:8,18
DA:9,18
DA:10,18
DA:11,18
DA:12,733
DA:14,18
DA:17,1
DA:18,12
DA:21,1
DA:23,7
LF:14
LH:14
BRDA:3,0,0,10
BRDA:7,1,0,1
BRDA:23,2,0,7
BRDA:23,2,1,3
BRF:4
BRH:4
end_of_record
TN:
SF:src/utils/error.ts
FN:1,formatError
FN:5,getErrorStack
FN:9,categorizeError
FN:22,withErrorHandling
FNF:4
FNH:4
FNDA:3,formatError
FNDA:2,getErrorStack
FNDA:5,categorizeError
FNDA:4,withErrorHandling
DA:1,1
DA:2,3
DA:5,1
DA:6,2
DA:9,1
DA:10,5
DA:11,1
DA:13,4
DA:14,1
DA:16,3
DA:17,1
DA:19,2
DA:22,1
DA:26,4
DA:27,4
DA:29,3
DA:30,3
LF:17
LH:17
BRDA:6,0,0,2
BRDA:6,0,1,1
BRDA:10,1,0,1
BRDA:13,2,0,1
BRDA:16,3,0,1
BRF:5
BRH:5
end_of_record
TN:
SF:src/utils/http.ts
FN:5,createHTTPClient
FN:15,buildURL
FN:18,(anonymous_12)
FN:25,validateResponse
FNF:4
FNH:4
FNDA:2,createHTTPClient
FNDA:7,buildURL
FNDA:5,(anonymous_12)
FNDA:14,validateResponse
DA:2,1
DA:3,1
DA:5,1
DA:6,2
DA:15,1
DA:16,7
DA:17,7
DA:18,3
DA:19,5
DA:22,7
DA:25,1
DA:26,14
DA:27,10
LF:13
LH:13
BRDA:17,0,0,3
BRDA:26,1,0,10
BRDA:26,2,0,14
BRDA:26,2,1,14
BRF:4
BRH:4
end_of_record
TN:
SF:src/utils/index.ts
FNF:0
FNH:0
DA:4,0
DA:5,0
DA:6,0
DA:7,0
DA:8,0
DA:9,0
DA:10,0
LF:7
LH:0
BRF:0
BRH:0
end_of_record
TN:
SF:src/utils/logger.ts
FN:16,(anonymous_9)
FN:21,(anonymous_10)
FN:27,(anonymous_11)
FN:28,(anonymous_12)
FN:37,(anonymous_13)
FN:42,(anonymous_14)
FN:49,(anonymous_15)
FN:61,(anonymous_16)
FN:64,(anonymous_17)
FN:67,(anonymous_18)
FN:70,(anonymous_19)
FNF:11
FNH:0
FNDA:0,(anonymous_9)
FNDA:0,(anonymous_10)
FNDA:0,(anonymous_11)
FNDA:0,(anonymous_12)
FNDA:0,(anonymous_13)
FNDA:0,(anonymous_14)
FNDA:0,(anonymous_15)
FNDA:0,(anonymous_16)
FNDA:0,(anonymous_17)
FNDA:0,(anonymous_18)
FNDA:0,(anonymous_19)
DA:2,0
DA:15,0
DA:18,0
DA:19,0
DA:22,0
DA:26,0
DA:27,0
DA:29,0
DA:30,0
DA:36,0
DA:38,0
DA:39,0
DA:43,0
DA:44,0
DA:50,0
DA:56,0
DA:57,0
DA:62,0
DA:65,0
DA:68,0
DA:71,0
LF:21
LH:0
BRDA:56,0,0,0
BRF:1
BRH:0
end_of_record
TN:
SF:src/utils/mocks.ts
FN:7,(anonymous_0)
FN:11,(anonymous_1)
FN:15,(anonymous_2)
FNF:3
FNH:3
FNDA:27,(anonymous_0)
FNDA:21,(anonymous_1)
FNDA:3,(anonymous_2)
DA:4,2
DA:5,18
DA:8,27
DA:12,21
DA:16,3
LF:5
LH:5
BRDA:8,0,0,4
BRDA:8,0,1,23
BRF:2
BRH:2
end_of_record
TN:
SF:src/utils/security.ts
FN:4,sanitizeString
FN:12,generateSecureToken
FN:30,generateAPIKey
FNF:3
FNH:3
FNDA:6,sanitizeString
FNDA:115,generateSecureToken
FNDA:105,generateAPIKey
DA:2,1
DA:4,1
DA:5,6
DA:12,1
DA:13,115
DA:14,115
DA:15,115
DA:18,115
DA:19,115
DA:20,115
DA:21,7101
DA:24,115
DA:25,7101
DA:27,115
DA:30,1
DA:31,105
LF:16
LH:16
BRDA:12,0,0,1
BRF:1
BRH:1
end_of_record
TN:
SF:src/utils/string.ts
FN:1,isNonEmptyString
FN:5,isValidLength
FN:9,formatBytes
FN:19,truncateString
FNF:4
FNH:4
FNDA:9,isNonEmptyString
FNDA:6,isValidLength
FNDA:6,formatBytes
FNDA:5,truncateString
DA:1,1
DA:2,9
DA:5,1
DA:6,6
DA:9,1
DA:10,6
DA:12,5
DA:13,5
DA:14,5
DA:16,5
DA:19,1
DA:20,5
DA:21,3
DA:23,2
LF:14
LH:14
BRDA:2,0,0,9
BRDA:2,0,1,5
BRDA:6,1,0,6
BRDA:6,1,1,4
BRDA:10,2,0,1
BRDA:20,3,0,3
BRF:6
BRH:6
end_of_record
TN:
SF:src/utils/validation.ts
FN:4,validateEmail
FN:8,validateDomain
FN:13,validateAPIKey
FN:17,validateWithSchema
FN:25,(anonymous_5)
FNF:5
FNH:5
FNDA:8,validateEmail
FNDA:7,validateDomain
FNDA:7,validateAPIKey
FNDA:4,validateWithSchema
FNDA:6,(anonymous_5)
DA:1,1
DA:2,1
DA:4,1
DA:5,8
DA:8,1
DA:10,7
DA:13,1
DA:14,7
DA:17,1
DA:18,4
DA:19,4
DA:20,1
DA:22,3
DA:23,3
DA:25,6
DA:28,0
LF:16
LH:15
BRDA:14,0,0,7
BRDA:14,0,1,3
BRDA:22,1,0,3
BRF:3
BRH:3
end_of_record
